Log file open, 09/26/21 15:17:37
LogWindows: Failed to load 'aqProf.dll' (GetLastError=126)
LogWindows: File 'aqProf.dll' does not exist
LogWindows: Failed to load 'VtuneApi.dll' (GetLastError=126)
LogWindows: File 'VtuneApi.dll' does not exist
LogWindows: Failed to load 'VtuneApi32e.dll' (GetLastError=126)
LogWindows: File 'VtuneApi32e.dll' does not exist
LogConsoleResponse: Display: Failed to find resolution value strings in scalability ini. Falling back to default.
LogConsoleResponse: Display: Failed to find resolution value strings in scalability ini. Falling back to default.
LogInit: Display: Running engine for game: GDS212_Brief1
LogPlatformFile: Not using cached read wrapper
LogTaskGraph: Started task graph with 5 named threads and 35 total threads with 3 sets of task threads.
LogStats: Stats thread started at 0.244637
LogICUInternationalization: ICU TimeZone Detection - Raw Offset: +8:00, Platform Override: ''
LogInit: Display: Loading text-based GConfig....
LogPluginManager: Mounting plugin MeshPainting
LogPluginManager: Mounting plugin XGEController
LogPluginManager: Mounting plugin Paper2D
LogPluginManager: Mounting plugin EnvironmentQueryEditor
LogPluginManager: Mounting plugin AISupport
LogPluginManager: Mounting plugin LiveLink
LogPluginManager: Mounting plugin LightPropagationVolume
LogPluginManager: Mounting plugin OodleData
LogPluginManager: Mounting plugin GameplayCameras
LogPluginManager: Mounting plugin CameraShakePreviewer
LogPluginManager: Mounting plugin OodleNetwork
LogPluginManager: Mounting plugin DatasmithContent
LogPluginManager: Mounting plugin AssetManagerEditor
LogPluginManager: Mounting plugin VariantManagerContent
LogPluginManager: Mounting plugin AlembicImporter
LogPluginManager: Mounting plugin Niagara
LogPluginManager: Mounting plugin AutomationUtils
LogPluginManager: Mounting plugin BackChannel
LogPluginManager: Mounting plugin ChaosEditor
LogPluginManager: Mounting plugin ChaosCloth
LogPluginManager: Mounting plugin ChaosClothEditor
LogPluginManager: Mounting plugin ChaosSolverPlugin
LogPluginManager: Mounting plugin ChaosNiagara
LogPluginManager: Mounting plugin CryptoKeys
LogPluginManager: Mounting plugin CurveEditorTools
LogPluginManager: Mounting plugin DataValidation
LogPluginManager: Mounting plugin CharacterAI
LogPluginManager: Mounting plugin GameplayTagsEditor
LogPluginManager: Mounting plugin GeometryMode
LogPluginManager: Mounting plugin MacGraphicsSwitching
LogPluginManager: Mounting plugin FacialAnimation
LogPluginManager: Mounting plugin MaterialAnalyzer
LogPluginManager: Mounting plugin MobileLauncherProfileWizard
LogPluginManager: Mounting plugin SpeedTreeImporter
LogPluginManager: Mounting plugin PluginBrowser
LogPluginManager: Mounting plugin GeometryCache
LogPluginManager: Mounting plugin GeometryProcessing
LogPluginManager: Mounting plugin MotoSynth
LogPluginManager: Mounting plugin OpenImageDenoise
LogPluginManager: Mounting plugin PlanarCut
LogPluginManager: Mounting plugin PlatformCrypto
LogPluginManager: Mounting plugin ProxyLODPlugin
LogPluginManager: Mounting plugin PythonScriptPlugin
LogPluginManager: Mounting plugin LuminPlatformFeatures
LogPluginManager: Mounting plugin GeometryCollectionPlugin
LogPluginManager: Mounting plugin MagicLeap
LogPluginManager: Mounting plugin MagicLeapMedia
LogPluginManager: Mounting plugin AndroidMedia
LogPluginManager: Mounting plugin SkeletalReduction
LogPluginManager: Mounting plugin AvfMedia
LogPluginManager: Mounting plugin ImgMedia
LogPluginManager: Mounting plugin AnimationSharing
LogPluginManager: Mounting plugin MediaCompositing
LogPluginManager: Mounting plugin MediaPlayerEditor
LogPluginManager: Mounting plugin MagicLeapPassableWorld
LogPluginManager: Mounting plugin WebMMedia
LogPluginManager: Mounting plugin MLSDK
LogPluginManager: Mounting plugin WmfMedia
LogPluginManager: Mounting plugin MagicLeapLightEstimation
LogPluginManager: Mounting plugin CLionSourceCodeAccess
LogPluginManager: Mounting plugin CodeLiteSourceCodeAccess
LogPluginManager: Mounting plugin GitSourceControl
LogPluginManager: Mounting plugin KDevelopSourceCodeAccess
LogPluginManager: Mounting plugin NullSourceCodeAccess
LogPluginManager: Mounting plugin PerforceSourceControl
LogPluginManager: Mounting plugin PlasticSourceControl
LogPluginManager: Mounting plugin PixWinPlugin
LogPluginManager: Mounting plugin PropertyAccessNode
LogPluginManager: Mounting plugin PluginUtils
LogPluginManager: Mounting plugin RiderSourceCodeAccess
LogPluginManager: Mounting plugin SubversionSourceControl
LogPluginManager: Mounting plugin TextureFormatOodle
LogPluginManager: Mounting plugin UObjectPlugin
LogPluginManager: Mounting plugin VisualStudioCodeSourceCodeAccess
LogPluginManager: Mounting plugin VisualStudioSourceCodeAccess
LogPluginManager: Mounting plugin XCodeSourceCodeAccess
LogPluginManager: Mounting plugin OnlineSubsystem
LogPluginManager: Mounting plugin OnlineSubsystemNull
LogPluginManager: Mounting plugin ActorSequence
LogPluginManager: Mounting plugin LauncherChunkInstaller
LogPluginManager: Mounting plugin OnlineSubsystemUtils
LogPluginManager: Mounting plugin LevelSequenceEditor
LogPluginManager: Mounting plugin TcpMessaging
LogPluginManager: Mounting plugin UdpMessaging
LogPluginManager: Mounting plugin MatineeToLevelSequence
LogPluginManager: Mounting plugin ActorLayerUtilities
LogPluginManager: Mounting plugin TemplateSequence
LogPluginManager: Mounting plugin AndroidDeviceProfileSelector
LogPluginManager: Mounting plugin AndroidPermission
LogPluginManager: Mounting plugin AppleImageUtils
LogPluginManager: Mounting plugin AppleMoviePlayer
LogPluginManager: Mounting plugin ArchVisCharacter
LogPluginManager: Mounting plugin AssetTags
LogPluginManager: Mounting plugin AudioCapture
LogPluginManager: Mounting plugin AudioSynesthesia
LogPluginManager: Mounting plugin ChunkDownloader
LogPluginManager: Mounting plugin CableComponent
LogPluginManager: Mounting plugin AndroidMoviePlayer
LogPluginManager: Mounting plugin EditableMesh
LogPluginManager: Mounting plugin ExampleDeviceProfileSelector
LogPluginManager: Mounting plugin GoogleCloudMessaging
LogPluginManager: Mounting plugin GooglePAD
LogPluginManager: Mounting plugin IOSDeviceProfileSelector
LogPluginManager: Mounting plugin LinuxDeviceProfileSelector
LogPluginManager: Mounting plugin LocationServicesBPLibrary
LogPluginManager: Mounting plugin MobilePatchingUtils
LogPluginManager: Mounting plugin OpenXREyeTracker
LogPluginManager: Mounting plugin OpenXR
LogPluginManager: Mounting plugin OpenXRHandTracking
LogPluginManager: Mounting plugin PhysXVehicles
LogPluginManager: Mounting plugin ScreenshotTools
LogPluginManager: Mounting plugin PostSplashScreen
LogPluginManager: Mounting plugin ProceduralMeshComponent
LogPluginManager: Mounting plugin CustomMeshComponent
LogPluginManager: Mounting plugin PropertyAccessEditor
LogPluginManager: Mounting plugin RuntimePhysXCooking
LogPluginManager: Mounting plugin SignificanceManager
LogPluginManager: Mounting plugin SoundFields
LogPluginManager: Mounting plugin Synthesis
LogPluginManager: Mounting plugin WebMMoviePlayer
LogPluginManager: Mounting plugin WindowsMoviePlayer
LogPluginManager: Mounting plugin Takes
LogPluginManager: Mounting plugin ContentBrowserAssetDataSource
LogPluginManager: Mounting plugin ContentBrowserClassDataSource
LogPluginManager: Mounting plugin ContentBrowserFileDataSource
LogPluginManager: Mounting plugin OnlineSubsystemGooglePlay
LogPluginManager: Mounting plugin OnlineSubsystemIOS
LogPluginManager: Mounting plugin OculusVR
LogPluginManager: Mounting plugin SteamVR
LogLuminAPIImpl: Warning: MLSDK not found.  This likely means the MLSDK environment variable is not set.
PixWinPlugin: PIX capture plugin failed to initialize! Check that the process is launched from PIX.
LogInit: Using libcurl 7.55.1-DEV
LogInit:  - built for x86_64-pc-win32
LogInit:  - supports SSL with OpenSSL/1.1.1
LogInit:  - supports HTTP deflate (compression) using libz 1.2.8
LogInit:  - other features:
LogInit:      CURL_VERSION_SSL
LogInit:      CURL_VERSION_LIBZ
LogInit:      CURL_VERSION_IPV6
LogInit:      CURL_VERSION_ASYNCHDNS
LogInit:      CURL_VERSION_LARGEFILE
LogInit:      CURL_VERSION_IDN
LogInit:  CurlRequestOptions (configurable via config and command line):
LogInit:  - bVerifyPeer = true  - Libcurl will verify peer certificate
LogInit:  - bUseHttpProxy = false  - Libcurl will NOT use HTTP proxy
LogInit:  - bDontReuseConnections = false  - Libcurl will reuse connections
LogInit:  - MaxHostConnections = 16  - Libcurl will limit the number of connections to a host
LogInit:  - LocalHostAddr = Default
LogInit:  - BufferSize = 65536
LogOnline: OSS: Creating online subsystem instance for: NULL
LogInit: WinSock: version 1.1 (2.2), MaxSocks=32767, MaxUdp=65467
LogOnline: OSS: TryLoadSubsystemAndSetDefault: Loaded subsystem for module [NULL]
LogOculusPluginWrapper: OculusPlugin initialized successfully
LogHMD: Failed initializing OVRPlugin 1.59.0
LogInit: Build: ++UE4+Release-4.27-CL-17155196
LogInit: Engine Version: 4.27.0-17155196+++UE4+Release-4.27
LogInit: Compatible Engine Version: 4.27.0-17155196+++UE4+Release-4.27
LogInit: Net CL: 17155196
LogInit: OS: Windows 10 (Release 1909) (), CPU: AMD Ryzen 5 2600 Six-Core Processor            , GPU: NVIDIA GeForce GTX 1080 Ti
LogInit: Compiled (64-bit): Aug 13 2021 06:13:13
LogInit: Compiled with Visual C++: 19.24.28315.00
LogInit: Build Configuration: Development
LogInit: Branch Name: ++UE4+Release-4.27
LogInit: Command Line: 
LogInit: Base Directory: H:/Game Dev/Unreal/UE_4.27/Engine/Binaries/Win64/
LogInit: Allocator: TBB
LogInit: Installed Engine Build: 1
LogDevObjectVersion: Number of dev versions registered: 29
LogDevObjectVersion:   Dev-Blueprints (B0D832E4-1F89-4F0D-ACCF-7EB736FD4AA2): 10
LogDevObjectVersion:   Dev-Build (E1C64328-A22C-4D53-A36C-8E866417BD8C): 0
LogDevObjectVersion:   Dev-Core (375EC13C-06E4-48FB-B500-84F0262A717E): 4
LogDevObjectVersion:   Dev-Editor (E4B068ED-F494-42E9-A231-DA0B2E46BB41): 40
LogDevObjectVersion:   Dev-Framework (CFFC743F-43B0-4480-9391-14DF171D2073): 37
LogDevObjectVersion:   Dev-Mobile (B02B49B5-BB20-44E9-A304-32B752E40360): 3
LogDevObjectVersion:   Dev-Networking (A4E4105C-59A1-49B5-A7C5-40C4547EDFEE): 0
LogDevObjectVersion:   Dev-Online (39C831C9-5AE6-47DC-9A44-9C173E1C8E7C): 0
LogDevObjectVersion:   Dev-Physics (78F01B33-EBEA-4F98-B9B4-84EACCB95AA2): 14
LogDevObjectVersion:   Dev-Platform (6631380F-2D4D-43E0-8009-CF276956A95A): 0
LogDevObjectVersion:   Dev-Rendering (12F88B9F-8875-4AFC-A67C-D90C383ABD29): 45
LogDevObjectVersion:   Dev-Sequencer (7B5AE74C-D270-4C10-A958-57980B212A5A): 13
LogDevObjectVersion:   Dev-VR (D7296918-1DD6-4BDD-9DE2-64A83CC13884): 3
LogDevObjectVersion:   Dev-LoadTimes (C2A15278-BFE7-4AFE-6C17-90FF531DF755): 1
LogDevObjectVersion:   Private-Geometry (6EACA3D4-40EC-4CC1-B786-8BED09428FC5): 3
LogDevObjectVersion:   Dev-AnimPhys (29E575DD-E0A3-4627-9D10-D276232CDCEA): 17
LogDevObjectVersion:   Dev-Anim (AF43A65D-7FD3-4947-9873-3E8ED9C1BB05): 15
LogDevObjectVersion:   Dev-ReflectionCapture (6B266CEC-1EC7-4B8F-A30B-E4D90942FC07): 1
LogDevObjectVersion:   Dev-Automation (0DF73D61-A23F-47EA-B727-89E90C41499A): 1
LogDevObjectVersion:   FortniteMain (601D1886-AC64-4F84-AA16-D3DE0DEAC7D6): 47
LogDevObjectVersion:   FortniteRelease (E7086368-6B23-4C58-8439-1B7016265E91): 1
LogDevObjectVersion:   Dev-Enterprise (9DFFBCD6-494F-0158-E221-12823C92A888): 10
LogDevObjectVersion:   Dev-Niagara (F2AED0AC-9AFE-416F-8664-AA7FFA26D6FC): 1
LogDevObjectVersion:   Dev-Destruction (174F1F0B-B4C6-45A5-B13F-2EE8D0FB917D): 10
LogDevObjectVersion:   Dev-Physics-Ext (35F94A83-E258-406C-A318-09F59610247C): 41
LogDevObjectVersion:   Dev-PhysicsMaterial-Chaos (B68FC16E-8B1B-42E2-B453-215C058844FE): 1
LogDevObjectVersion:   Dev-CineCamera (B2E18506-4273-CFC2-A54E-F4BB758BBA07): 1
LogDevObjectVersion:   Dev-VirtualProduction (64F58936-FD1B-42BA-BA96-7289D5D0FA4E): 1
LogDevObjectVersion:   Dev-MediaFramework (6F0ED827-A609-4895-9C91-998D90180EA4): 2
LogInit: Presizing for max 25165824 objects, including 0 objects not considered by GC, pre-allocating 0 bytes for permanent pool.
LogConfig: Applying CVar settings from Section [/Script/Engine.StreamingSettings] File [H:/Game Dev/Game Projects/SAE Games/GDS212/Brief1/Brief1/GDS212_Brief1/Saved/Config/Windows/Engine.ini]
LogConfig: Setting CVar [[s.MinBulkDataSizeForAsyncLoading:131072]]
LogConfig: Setting CVar [[s.AsyncLoadingThreadEnabled:0]]
LogConfig: Setting CVar [[s.EventDrivenLoaderEnabled:1]]
LogConfig: Setting CVar [[s.WarnIfTimeLimitExceeded:0]]
LogConfig: Setting CVar [[s.TimeLimitExceededMultiplier:1.5]]
LogConfig: Setting CVar [[s.TimeLimitExceededMinTime:0.005]]
LogConfig: Setting CVar [[s.UseBackgroundLevelStreaming:1]]
LogConfig: Setting CVar [[s.PriorityAsyncLoadingExtraTime:15.0]]
LogConfig: Setting CVar [[s.LevelStreamingActorsUpdateTimeLimit:5.0]]
LogConfig: Setting CVar [[s.PriorityLevelStreamingActorsUpdateExtraTime:5.0]]
LogConfig: Setting CVar [[s.LevelStreamingComponentsRegistrationGranularity:10]]
LogConfig: Setting CVar [[s.UnregisterComponentsTimeLimit:1.0]]
LogConfig: Setting CVar [[s.LevelStreamingComponentsUnregistrationGranularity:5]]
LogConfig: Setting CVar [[s.FlushStreamingOnExit:1]]
LogInit: Object subsystem initialized
LogConfig: Setting CVar [[con.DebugEarlyDefault:1]]
LogConfig: Setting CVar [[r.setres:1280x720]]
[2021.09.26-07.17.37:792][  0]LogConfig: Setting CVar [[r.VSync:0]]
[2021.09.26-07.17.37:792][  0]LogConfig: Setting CVar [[r.RHICmdBypass:0]]
[2021.09.26-07.17.37:792][  0]LogConfig: Applying CVar settings from Section [/Script/Engine.RendererSettings] File [H:/Game Dev/Game Projects/SAE Games/GDS212/Brief1/Brief1/GDS212_Brief1/Saved/Config/Windows/Engine.ini]
[2021.09.26-07.17.37:792][  0]LogConfig: Setting CVar [[r.GPUCrashDebugging:0]]
[2021.09.26-07.17.37:792][  0]LogConfig: Applying CVar settings from Section [/Script/Engine.RendererOverrideSettings] File [H:/Game Dev/Game Projects/SAE Games/GDS212/Brief1/Brief1/GDS212_Brief1/Saved/Config/Windows/Engine.ini]
[2021.09.26-07.17.37:792][  0]LogConfig: Applying CVar settings from Section [/Script/Engine.StreamingSettings] File [H:/Game Dev/Game Projects/SAE Games/GDS212/Brief1/Brief1/GDS212_Brief1/Saved/Config/Windows/Engine.ini]
[2021.09.26-07.17.37:792][  0]LogConfig: Setting CVar [[s.MinBulkDataSizeForAsyncLoading:131072]]
[2021.09.26-07.17.37:792][  0]LogConfig: Setting CVar [[s.AsyncLoadingThreadEnabled:0]]
[2021.09.26-07.17.37:792][  0]LogConfig: Setting CVar [[s.EventDrivenLoaderEnabled:1]]
[2021.09.26-07.17.37:792][  0]LogConfig: Setting CVar [[s.WarnIfTimeLimitExceeded:0]]
[2021.09.26-07.17.37:792][  0]LogConfig: Setting CVar [[s.TimeLimitExceededMultiplier:1.5]]
[2021.09.26-07.17.37:792][  0]LogConfig: Setting CVar [[s.TimeLimitExceededMinTime:0.005]]
[2021.09.26-07.17.37:792][  0]LogConfig: Setting CVar [[s.UseBackgroundLevelStreaming:1]]
[2021.09.26-07.17.37:792][  0]LogConfig: Setting CVar [[s.PriorityAsyncLoadingExtraTime:15.0]]
[2021.09.26-07.17.37:792][  0]LogConfig: Setting CVar [[s.LevelStreamingActorsUpdateTimeLimit:5.0]]
[2021.09.26-07.17.37:792][  0]LogConfig: Setting CVar [[s.PriorityLevelStreamingActorsUpdateExtraTime:5.0]]
[2021.09.26-07.17.37:792][  0]LogConfig: Setting CVar [[s.LevelStreamingComponentsRegistrationGranularity:10]]
[2021.09.26-07.17.37:792][  0]LogConfig: Setting CVar [[s.UnregisterComponentsTimeLimit:1.0]]
[2021.09.26-07.17.37:792][  0]LogConfig: Setting CVar [[s.LevelStreamingComponentsUnregistrationGranularity:5]]
[2021.09.26-07.17.37:792][  0]LogConfig: Setting CVar [[s.FlushStreamingOnExit:1]]
[2021.09.26-07.17.37:792][  0]LogConfig: Applying CVar settings from Section [/Script/Engine.GarbageCollectionSettings] File [H:/Game Dev/Game Projects/SAE Games/GDS212/Brief1/Brief1/GDS212_Brief1/Saved/Config/Windows/Engine.ini]
[2021.09.26-07.17.37:792][  0]LogConfig: Setting CVar [[gc.MaxObjectsNotConsideredByGC:1]]
[2021.09.26-07.17.37:792][  0]LogConfig: Setting CVar [[gc.SizeOfPermanentObjectPool:0]]
[2021.09.26-07.17.37:792][  0]LogConfig: Setting CVar [[gc.FlushStreamingOnGC:0]]
[2021.09.26-07.17.37:792][  0]LogConfig: Setting CVar [[gc.NumRetriesBeforeForcingGC:10]]
[2021.09.26-07.17.37:792][  0]LogConfig: Setting CVar [[gc.AllowParallelGC:1]]
[2021.09.26-07.17.37:792][  0]LogConfig: Setting CVar [[gc.TimeBetweenPurgingPendingKillObjects:61.1]]
[2021.09.26-07.17.37:792][  0]LogConfig: Setting CVar [[gc.MaxObjectsInEditor:25165824]]
[2021.09.26-07.17.37:792][  0]LogConfig: Setting CVar [[gc.IncrementalBeginDestroyEnabled:1]]
[2021.09.26-07.17.37:792][  0]LogConfig: Setting CVar [[gc.CreateGCClusters:1]]
[2021.09.26-07.17.37:792][  0]LogConfig: Setting CVar [[gc.MinGCClusterSize:5]]
[2021.09.26-07.17.37:792][  0]LogConfig: Setting CVar [[gc.ActorClusteringEnabled:0]]
[2021.09.26-07.17.37:792][  0]LogConfig: Setting CVar [[gc.BlueprintClusteringEnabled:0]]
[2021.09.26-07.17.37:792][  0]LogConfig: Setting CVar [[gc.UseDisregardForGCOnDedicatedServers:0]]
[2021.09.26-07.17.37:792][  0]LogConfig: Setting CVar [[gc.MultithreadedDestructionEnabled:1]]
[2021.09.26-07.17.37:792][  0]LogConfig: Applying CVar settings from Section [/Script/Engine.NetworkSettings] File [H:/Game Dev/Game Projects/SAE Games/GDS212/Brief1/Brief1/GDS212_Brief1/Saved/Config/Windows/Engine.ini]
[2021.09.26-07.17.37:792][  0]LogConfig: Applying CVar settings from Section [/Script/UnrealEd.CookerSettings] File [H:/Game Dev/Game Projects/SAE Games/GDS212/Brief1/Brief1/GDS212_Brief1/Saved/Config/Windows/Engine.ini]
[2021.09.26-07.17.37:858][  0]LogConfig: Applying CVar settings from Section [ViewDistanceQuality@3] File [H:/Game Dev/Game Projects/SAE Games/GDS212/Brief1/Brief1/GDS212_Brief1/Saved/Config/Windows/Scalability.ini]
[2021.09.26-07.17.37:858][  0]LogConfig: Setting CVar [[r.SkeletalMeshLODBias:0]]
[2021.09.26-07.17.37:858][  0]LogConfig: Setting CVar [[r.ViewDistanceScale:1.0]]
[2021.09.26-07.17.37:858][  0]LogConfig: Applying CVar settings from Section [AntiAliasingQuality@3] File [H:/Game Dev/Game Projects/SAE Games/GDS212/Brief1/Brief1/GDS212_Brief1/Saved/Config/Windows/Scalability.ini]
[2021.09.26-07.17.37:858][  0]LogConfig: Setting CVar [[r.PostProcessAAQuality:4]]
[2021.09.26-07.17.37:858][  0]LogConfig: Applying CVar settings from Section [ShadowQuality@3] File [H:/Game Dev/Game Projects/SAE Games/GDS212/Brief1/Brief1/GDS212_Brief1/Saved/Config/Windows/Scalability.ini]
[2021.09.26-07.17.37:858][  0]LogConfig: Setting CVar [[r.LightFunctionQuality:1]]
[2021.09.26-07.17.37:858][  0]LogConfig: Setting CVar [[r.ShadowQuality:5]]
[2021.09.26-07.17.37:858][  0]LogConfig: Setting CVar [[r.Shadow.CSM.MaxCascades:10]]
[2021.09.26-07.17.37:858][  0]LogConfig: Setting CVar [[r.Shadow.MaxResolution:2048]]
[2021.09.26-07.17.37:858][  0]LogConfig: Setting CVar [[r.Shadow.MaxCSMResolution:2048]]
[2021.09.26-07.17.37:858][  0]LogConfig: Setting CVar [[r.Shadow.RadiusThreshold:0.01]]
[2021.09.26-07.17.37:858][  0]LogConfig: Setting CVar [[r.Shadow.DistanceScale:1.0]]
[2021.09.26-07.17.37:858][  0]LogConfig: Setting CVar [[r.Shadow.CSM.TransitionScale:1.0]]
[2021.09.26-07.17.37:858][  0]LogConfig: Setting CVar [[r.Shadow.PreShadowResolutionFactor:1.0]]
[2021.09.26-07.17.37:858][  0]LogConfig: Setting CVar [[r.DistanceFieldShadowing:1]]
[2021.09.26-07.17.37:858][  0]LogConfig: Setting CVar [[r.DistanceFieldAO:1]]
[2021.09.26-07.17.37:858][  0]LogConfig: Setting CVar [[r.AOQuality:2]]
[2021.09.26-07.17.37:858][  0]LogConfig: Setting CVar [[r.VolumetricFog:1]]
[2021.09.26-07.17.37:858][  0]LogConfig: Setting CVar [[r.VolumetricFog.GridPixelSize:8]]
[2021.09.26-07.17.37:858][  0]LogConfig: Setting CVar [[r.VolumetricFog.GridSizeZ:128]]
[2021.09.26-07.17.37:858][  0]LogConfig: Setting CVar [[r.VolumetricFog.HistoryMissSupersampleCount:4]]
[2021.09.26-07.17.37:859][  0]LogConfig: Setting CVar [[r.LightMaxDrawDistanceScale:1]]
[2021.09.26-07.17.37:859][  0]LogConfig: Setting CVar [[r.CapsuleShadows:1]]
[2021.09.26-07.17.37:859][  0]LogConfig: Applying CVar settings from Section [PostProcessQuality@3] File [H:/Game Dev/Game Projects/SAE Games/GDS212/Brief1/Brief1/GDS212_Brief1/Saved/Config/Windows/Scalability.ini]
[2021.09.26-07.17.37:859][  0]LogConfig: Setting CVar [[r.MotionBlurQuality:4]]
[2021.09.26-07.17.37:859][  0]LogConfig: Setting CVar [[r.AmbientOcclusionMipLevelFactor:0.4]]
[2021.09.26-07.17.37:859][  0]LogConfig: Setting CVar [[r.AmbientOcclusionMaxQuality:100]]
[2021.09.26-07.17.37:859][  0]LogConfig: Setting CVar [[r.AmbientOcclusionLevels:-1]]
[2021.09.26-07.17.37:859][  0]LogConfig: Setting CVar [[r.AmbientOcclusionRadiusScale:1.0]]
[2021.09.26-07.17.37:859][  0]LogConfig: Setting CVar [[r.DepthOfFieldQuality:2]]
[2021.09.26-07.17.37:859][  0]LogConfig: Setting CVar [[r.RenderTargetPoolMin:400]]
[2021.09.26-07.17.37:859][  0]LogConfig: Setting CVar [[r.LensFlareQuality:2]]
[2021.09.26-07.17.37:859][  0]LogConfig: Setting CVar [[r.SceneColorFringeQuality:1]]
[2021.09.26-07.17.37:859][  0]LogConfig: Setting CVar [[r.EyeAdaptationQuality:2]]
[2021.09.26-07.17.37:859][  0]LogConfig: Setting CVar [[r.BloomQuality:5]]
[2021.09.26-07.17.37:859][  0]LogConfig: Setting CVar [[r.FastBlurThreshold:100]]
[2021.09.26-07.17.37:859][  0]LogConfig: Setting CVar [[r.Upscale.Quality:3]]
[2021.09.26-07.17.37:859][  0]LogConfig: Setting CVar [[r.Tonemapper.GrainQuantization:1]]
[2021.09.26-07.17.37:859][  0]LogConfig: Setting CVar [[r.LightShaftQuality:1]]
[2021.09.26-07.17.37:859][  0]LogConfig: Setting CVar [[r.Filter.SizeScale:1]]
[2021.09.26-07.17.37:859][  0]LogConfig: Setting CVar [[r.Tonemapper.Quality:5]]
[2021.09.26-07.17.37:859][  0]LogConfig: Setting CVar [[r.DOF.Gather.AccumulatorQuality:1        ; higher gathering accumulator quality]]
[2021.09.26-07.17.37:859][  0]LogConfig: Setting CVar [[r.DOF.Gather.PostfilterMethod:1          ; Median3x3 postfilering method]]
[2021.09.26-07.17.37:859][  0]LogConfig: Setting CVar [[r.DOF.Gather.EnableBokehSettings:0       ; no bokeh simulation when gathering]]
[2021.09.26-07.17.37:859][  0]LogConfig: Setting CVar [[r.DOF.Gather.RingCount:4                 ; medium number of samples when gathering]]
[2021.09.26-07.17.37:859][  0]LogConfig: Setting CVar [[r.DOF.Scatter.ForegroundCompositing:1    ; additive foreground scattering]]
[2021.09.26-07.17.37:859][  0]LogConfig: Setting CVar [[r.DOF.Scatter.BackgroundCompositing:2    ; additive background scattering]]
[2021.09.26-07.17.37:859][  0]LogConfig: Setting CVar [[r.DOF.Scatter.EnableBokehSettings:1      ; bokeh simulation when scattering]]
[2021.09.26-07.17.37:859][  0]LogConfig: Setting CVar [[r.DOF.Scatter.MaxSpriteRatio:0.1         ; only a maximum of 10% of scattered bokeh]]
[2021.09.26-07.17.37:859][  0]LogConfig: Setting CVar [[r.DOF.Recombine.Quality:1                ; cheap slight out of focus]]
[2021.09.26-07.17.37:859][  0]LogConfig: Setting CVar [[r.DOF.Recombine.EnableBokehSettings:0    ; no bokeh simulation on slight out of focus]]
[2021.09.26-07.17.37:859][  0]LogConfig: Setting CVar [[r.DOF.TemporalAAQuality:1                ; more stable temporal accumulation]]
[2021.09.26-07.17.37:859][  0]LogConfig: Setting CVar [[r.DOF.Kernel.MaxForegroundRadius:0.025]]
[2021.09.26-07.17.37:859][  0]LogConfig: Setting CVar [[r.DOF.Kernel.MaxBackgroundRadius:0.025]]
[2021.09.26-07.17.37:859][  0]LogConfig: Applying CVar settings from Section [TextureQuality@3] File [H:/Game Dev/Game Projects/SAE Games/GDS212/Brief1/Brief1/GDS212_Brief1/Saved/Config/Windows/Scalability.ini]
[2021.09.26-07.17.37:859][  0]LogConfig: Setting CVar [[r.Streaming.MipBias:0]]
[2021.09.26-07.17.37:859][  0]LogConfig: Setting CVar [[r.Streaming.AmortizeCPUToGPUCopy:0]]
[2021.09.26-07.17.37:859][  0]LogConfig: Setting CVar [[r.Streaming.MaxNumTexturesToStreamPerFrame:0]]
[2021.09.26-07.17.37:859][  0]LogConfig: Setting CVar [[r.Streaming.Boost:1]]
[2021.09.26-07.17.37:859][  0]LogConfig: Setting CVar [[r.MaxAnisotropy:8]]
[2021.09.26-07.17.37:859][  0]LogConfig: Setting CVar [[r.VT.MaxAnisotropy:8]]
[2021.09.26-07.17.37:859][  0]LogConfig: Setting CVar [[r.Streaming.LimitPoolSizeToVRAM:0]]
[2021.09.26-07.17.37:859][  0]LogConfig: Setting CVar [[r.Streaming.PoolSize:1000]]
[2021.09.26-07.17.37:859][  0]LogConfig: Setting CVar [[r.Streaming.MaxEffectiveScreenSize:0]]
[2021.09.26-07.17.37:859][  0]LogConfig: Applying CVar settings from Section [EffectsQuality@3] File [H:/Game Dev/Game Projects/SAE Games/GDS212/Brief1/Brief1/GDS212_Brief1/Saved/Config/Windows/Scalability.ini]
[2021.09.26-07.17.37:859][  0]LogConfig: Setting CVar [[r.TranslucencyLightingVolumeDim:64]]
[2021.09.26-07.17.37:859][  0]LogConfig: Setting CVar [[r.RefractionQuality:2]]
[2021.09.26-07.17.37:859][  0]LogConfig: Setting CVar [[r.SSR.Quality:3]]
[2021.09.26-07.17.37:859][  0]LogConfig: Setting CVar [[r.SSR.HalfResSceneColor:0]]
[2021.09.26-07.17.37:859][  0]LogConfig: Setting CVar [[r.SceneColorFormat:4]]
[2021.09.26-07.17.37:859][  0]LogConfig: Setting CVar [[r.DetailMode:2]]
[2021.09.26-07.17.37:859][  0]LogConfig: Setting CVar [[r.TranslucencyVolumeBlur:1]]
[2021.09.26-07.17.37:859][  0]LogConfig: Setting CVar [[r.MaterialQualityLevel:1 ; High quality]]
[2021.09.26-07.17.37:859][  0]LogConfig: Setting CVar [[r.AnisotropicMaterials:1]]
[2021.09.26-07.17.37:859][  0]LogConfig: Setting CVar [[r.SSS.Scale:1]]
[2021.09.26-07.17.37:859][  0]LogConfig: Setting CVar [[r.SSS.SampleSet:2]]
[2021.09.26-07.17.37:859][  0]LogConfig: Setting CVar [[r.SSS.Quality:1]]
[2021.09.26-07.17.37:859][  0]LogConfig: Setting CVar [[r.SSS.HalfRes:0]]
[2021.09.26-07.17.37:859][  0]LogConfig: Setting CVar [[r.SSGI.Quality:3]]
[2021.09.26-07.17.37:859][  0]LogConfig: Setting CVar [[r.EmitterSpawnRateScale:1.0]]
[2021.09.26-07.17.37:859][  0]LogConfig: Setting CVar [[r.ParticleLightQuality:2]]
[2021.09.26-07.17.37:859][  0]LogConfig: Setting CVar [[r.SkyAtmosphere.AerialPerspectiveLUT.FastApplyOnOpaque:1 ; Always have FastSkyLUT 1 in this case to avoid wrong sky]]
[2021.09.26-07.17.37:859][  0]LogConfig: Setting CVar [[r.SkyAtmosphere.AerialPerspectiveLUT.SampleCountMaxPerSlice:4]]
[2021.09.26-07.17.37:859][  0]LogConfig: Setting CVar [[r.SkyAtmosphere.AerialPerspectiveLUT.DepthResolution:16.0]]
[2021.09.26-07.17.37:859][  0]LogConfig: Setting CVar [[r.SkyAtmosphere.FastSkyLUT:1]]
[2021.09.26-07.17.37:859][  0]LogConfig: Setting CVar [[r.SkyAtmosphere.FastSkyLUT.SampleCountMin:4.0]]
[2021.09.26-07.17.37:859][  0]LogConfig: Setting CVar [[r.SkyAtmosphere.FastSkyLUT.SampleCountMax:128.0]]
[2021.09.26-07.17.37:859][  0]LogConfig: Setting CVar [[r.SkyAtmosphere.SampleCountMin:4.0]]
[2021.09.26-07.17.37:860][  0]LogConfig: Setting CVar [[r.SkyAtmosphere.SampleCountMax:128.0]]
[2021.09.26-07.17.37:860][  0]LogConfig: Setting CVar [[r.SkyAtmosphere.TransmittanceLUT.UseSmallFormat:0]]
[2021.09.26-07.17.37:860][  0]LogConfig: Setting CVar [[r.SkyAtmosphere.TransmittanceLUT.SampleCount:10.0]]
[2021.09.26-07.17.37:860][  0]LogConfig: Setting CVar [[r.SkyAtmosphere.MultiScatteringLUT.SampleCount:15.0]]
[2021.09.26-07.17.37:860][  0]LogConfig: Setting CVar [[r.SkyLight.RealTimeReflectionCapture:1]]
[2021.09.26-07.17.37:860][  0]LogConfig: Applying CVar settings from Section [FoliageQuality@3] File [H:/Game Dev/Game Projects/SAE Games/GDS212/Brief1/Brief1/GDS212_Brief1/Saved/Config/Windows/Scalability.ini]
[2021.09.26-07.17.37:860][  0]LogConfig: Setting CVar [[foliage.DensityScale:1.0]]
[2021.09.26-07.17.37:860][  0]LogConfig: Setting CVar [[grass.DensityScale:1.0]]
[2021.09.26-07.17.37:860][  0]LogConfig: Applying CVar settings from Section [ShadingQuality@3] File [H:/Game Dev/Game Projects/SAE Games/GDS212/Brief1/Brief1/GDS212_Brief1/Saved/Config/Windows/Scalability.ini]
[2021.09.26-07.17.37:860][  0]LogConfig: Setting CVar [[r.HairStrands.SkyLighting.IntegrationType:2]]
[2021.09.26-07.17.37:860][  0]LogConfig: Setting CVar [[r.HairStrands.SkyAO.SampleCount:4]]
[2021.09.26-07.17.37:860][  0]LogConfig: Setting CVar [[r.HairStrands.Visibility.MSAA.SamplePerPixel:4]]
[2021.09.26-07.17.37:860][  0]LogInit: Selected Device Profile: [Windows]
[2021.09.26-07.17.37:860][  0]LogInit: Applying CVar settings loaded from the selected device profile: [Windows]
[2021.09.26-07.17.37:860][  0]LogHAL: Display: Platform has ~ 16 GB [16604774400 / 17179869184 / 16], which maps to Larger [LargestMinGB=32, LargerMinGB=12, DefaultMinGB=8, SmallerMinGB=6, SmallestMinGB=0)
[2021.09.26-07.17.37:860][  0]LogInit: Going up to parent DeviceProfile []
[2021.09.26-07.17.37:860][  0]LogConfig: Applying CVar settings from Section [ViewDistanceQuality@3] File [H:/Game Dev/Game Projects/SAE Games/GDS212/Brief1/Brief1/GDS212_Brief1/Saved/Config/Windows/Scalability.ini]
[2021.09.26-07.17.37:860][  0]LogConfig: Setting CVar [[r.SkeletalMeshLODBias:0]]
[2021.09.26-07.17.37:860][  0]LogConfig: Setting CVar [[r.ViewDistanceScale:1.0]]
[2021.09.26-07.17.37:860][  0]LogConfig: Applying CVar settings from Section [AntiAliasingQuality@3] File [H:/Game Dev/Game Projects/SAE Games/GDS212/Brief1/Brief1/GDS212_Brief1/Saved/Config/Windows/Scalability.ini]
[2021.09.26-07.17.37:860][  0]LogConfig: Setting CVar [[r.PostProcessAAQuality:4]]
[2021.09.26-07.17.37:860][  0]LogConfig: Applying CVar settings from Section [ShadowQuality@3] File [H:/Game Dev/Game Projects/SAE Games/GDS212/Brief1/Brief1/GDS212_Brief1/Saved/Config/Windows/Scalability.ini]
[2021.09.26-07.17.37:860][  0]LogConfig: Setting CVar [[r.LightFunctionQuality:1]]
[2021.09.26-07.17.37:860][  0]LogConfig: Setting CVar [[r.ShadowQuality:5]]
[2021.09.26-07.17.37:860][  0]LogConfig: Setting CVar [[r.Shadow.CSM.MaxCascades:10]]
[2021.09.26-07.17.37:860][  0]LogConfig: Setting CVar [[r.Shadow.MaxResolution:2048]]
[2021.09.26-07.17.37:860][  0]LogConfig: Setting CVar [[r.Shadow.MaxCSMResolution:2048]]
[2021.09.26-07.17.37:860][  0]LogConfig: Setting CVar [[r.Shadow.RadiusThreshold:0.01]]
[2021.09.26-07.17.37:860][  0]LogConfig: Setting CVar [[r.Shadow.DistanceScale:1.0]]
[2021.09.26-07.17.37:860][  0]LogConfig: Setting CVar [[r.Shadow.CSM.TransitionScale:1.0]]
[2021.09.26-07.17.37:860][  0]LogConfig: Setting CVar [[r.Shadow.PreShadowResolutionFactor:1.0]]
[2021.09.26-07.17.37:860][  0]LogConfig: Setting CVar [[r.DistanceFieldShadowing:1]]
[2021.09.26-07.17.37:860][  0]LogConfig: Setting CVar [[r.DistanceFieldAO:1]]
[2021.09.26-07.17.37:860][  0]LogConfig: Setting CVar [[r.AOQuality:2]]
[2021.09.26-07.17.37:860][  0]LogConfig: Setting CVar [[r.VolumetricFog:1]]
[2021.09.26-07.17.37:860][  0]LogConfig: Setting CVar [[r.VolumetricFog.GridPixelSize:8]]
[2021.09.26-07.17.37:860][  0]LogConfig: Setting CVar [[r.VolumetricFog.GridSizeZ:128]]
[2021.09.26-07.17.37:860][  0]LogConfig: Setting CVar [[r.VolumetricFog.HistoryMissSupersampleCount:4]]
[2021.09.26-07.17.37:860][  0]LogConfig: Setting CVar [[r.LightMaxDrawDistanceScale:1]]
[2021.09.26-07.17.37:860][  0]LogConfig: Setting CVar [[r.CapsuleShadows:1]]
[2021.09.26-07.17.37:860][  0]LogConfig: Applying CVar settings from Section [PostProcessQuality@3] File [H:/Game Dev/Game Projects/SAE Games/GDS212/Brief1/Brief1/GDS212_Brief1/Saved/Config/Windows/Scalability.ini]
[2021.09.26-07.17.37:860][  0]LogConfig: Setting CVar [[r.MotionBlurQuality:4]]
[2021.09.26-07.17.37:860][  0]LogConfig: Setting CVar [[r.AmbientOcclusionMipLevelFactor:0.4]]
[2021.09.26-07.17.37:860][  0]LogConfig: Setting CVar [[r.AmbientOcclusionMaxQuality:100]]
[2021.09.26-07.17.37:860][  0]LogConfig: Setting CVar [[r.AmbientOcclusionLevels:-1]]
[2021.09.26-07.17.37:860][  0]LogConfig: Setting CVar [[r.AmbientOcclusionRadiusScale:1.0]]
[2021.09.26-07.17.37:860][  0]LogConfig: Setting CVar [[r.DepthOfFieldQuality:2]]
[2021.09.26-07.17.37:860][  0]LogConfig: Setting CVar [[r.RenderTargetPoolMin:400]]
[2021.09.26-07.17.37:860][  0]LogConfig: Setting CVar [[r.LensFlareQuality:2]]
[2021.09.26-07.17.37:860][  0]LogConfig: Setting CVar [[r.SceneColorFringeQuality:1]]
[2021.09.26-07.17.37:860][  0]LogConfig: Setting CVar [[r.EyeAdaptationQuality:2]]
[2021.09.26-07.17.37:860][  0]LogConfig: Setting CVar [[r.BloomQuality:5]]
[2021.09.26-07.17.37:860][  0]LogConfig: Setting CVar [[r.FastBlurThreshold:100]]
[2021.09.26-07.17.37:860][  0]LogConfig: Setting CVar [[r.Upscale.Quality:3]]
[2021.09.26-07.17.37:860][  0]LogConfig: Setting CVar [[r.Tonemapper.GrainQuantization:1]]
[2021.09.26-07.17.37:860][  0]LogConfig: Setting CVar [[r.LightShaftQuality:1]]
[2021.09.26-07.17.37:860][  0]LogConfig: Setting CVar [[r.Filter.SizeScale:1]]
[2021.09.26-07.17.37:860][  0]LogConfig: Setting CVar [[r.Tonemapper.Quality:5]]
[2021.09.26-07.17.37:860][  0]LogConfig: Setting CVar [[r.DOF.Gather.AccumulatorQuality:1        ; higher gathering accumulator quality]]
[2021.09.26-07.17.37:860][  0]LogConfig: Setting CVar [[r.DOF.Gather.PostfilterMethod:1          ; Median3x3 postfilering method]]
[2021.09.26-07.17.37:861][  0]LogConfig: Setting CVar [[r.DOF.Gather.EnableBokehSettings:0       ; no bokeh simulation when gathering]]
[2021.09.26-07.17.37:861][  0]LogConfig: Setting CVar [[r.DOF.Gather.RingCount:4                 ; medium number of samples when gathering]]
[2021.09.26-07.17.37:861][  0]LogConfig: Setting CVar [[r.DOF.Scatter.ForegroundCompositing:1    ; additive foreground scattering]]
[2021.09.26-07.17.37:861][  0]LogConfig: Setting CVar [[r.DOF.Scatter.BackgroundCompositing:2    ; additive background scattering]]
[2021.09.26-07.17.37:861][  0]LogConfig: Setting CVar [[r.DOF.Scatter.EnableBokehSettings:1      ; bokeh simulation when scattering]]
[2021.09.26-07.17.37:861][  0]LogConfig: Setting CVar [[r.DOF.Scatter.MaxSpriteRatio:0.1         ; only a maximum of 10% of scattered bokeh]]
[2021.09.26-07.17.37:861][  0]LogConfig: Setting CVar [[r.DOF.Recombine.Quality:1                ; cheap slight out of focus]]
[2021.09.26-07.17.37:861][  0]LogConfig: Setting CVar [[r.DOF.Recombine.EnableBokehSettings:0    ; no bokeh simulation on slight out of focus]]
[2021.09.26-07.17.37:861][  0]LogConfig: Setting CVar [[r.DOF.TemporalAAQuality:1                ; more stable temporal accumulation]]
[2021.09.26-07.17.37:861][  0]LogConfig: Setting CVar [[r.DOF.Kernel.MaxForegroundRadius:0.025]]
[2021.09.26-07.17.37:861][  0]LogConfig: Setting CVar [[r.DOF.Kernel.MaxBackgroundRadius:0.025]]
[2021.09.26-07.17.37:861][  0]LogConfig: Applying CVar settings from Section [TextureQuality@3] File [H:/Game Dev/Game Projects/SAE Games/GDS212/Brief1/Brief1/GDS212_Brief1/Saved/Config/Windows/Scalability.ini]
[2021.09.26-07.17.37:861][  0]LogConfig: Setting CVar [[r.Streaming.MipBias:0]]
[2021.09.26-07.17.37:861][  0]LogConfig: Setting CVar [[r.Streaming.AmortizeCPUToGPUCopy:0]]
[2021.09.26-07.17.37:861][  0]LogConfig: Setting CVar [[r.Streaming.MaxNumTexturesToStreamPerFrame:0]]
[2021.09.26-07.17.37:861][  0]LogConfig: Setting CVar [[r.Streaming.Boost:1]]
[2021.09.26-07.17.37:861][  0]LogConfig: Setting CVar [[r.MaxAnisotropy:8]]
[2021.09.26-07.17.37:861][  0]LogConfig: Setting CVar [[r.VT.MaxAnisotropy:8]]
[2021.09.26-07.17.37:861][  0]LogConfig: Setting CVar [[r.Streaming.LimitPoolSizeToVRAM:0]]
[2021.09.26-07.17.37:861][  0]LogConfig: Setting CVar [[r.Streaming.PoolSize:1000]]
[2021.09.26-07.17.37:861][  0]LogConfig: Setting CVar [[r.Streaming.MaxEffectiveScreenSize:0]]
[2021.09.26-07.17.37:861][  0]LogConfig: Applying CVar settings from Section [EffectsQuality@3] File [H:/Game Dev/Game Projects/SAE Games/GDS212/Brief1/Brief1/GDS212_Brief1/Saved/Config/Windows/Scalability.ini]
[2021.09.26-07.17.37:861][  0]LogConfig: Setting CVar [[r.TranslucencyLightingVolumeDim:64]]
[2021.09.26-07.17.37:861][  0]LogConfig: Setting CVar [[r.RefractionQuality:2]]
[2021.09.26-07.17.37:861][  0]LogConfig: Setting CVar [[r.SSR.Quality:3]]
[2021.09.26-07.17.37:861][  0]LogConfig: Setting CVar [[r.SSR.HalfResSceneColor:0]]
[2021.09.26-07.17.37:861][  0]LogConfig: Setting CVar [[r.SceneColorFormat:4]]
[2021.09.26-07.17.37:861][  0]LogConfig: Setting CVar [[r.DetailMode:2]]
[2021.09.26-07.17.37:861][  0]LogConfig: Setting CVar [[r.TranslucencyVolumeBlur:1]]
[2021.09.26-07.17.37:861][  0]LogConfig: Setting CVar [[r.MaterialQualityLevel:1 ; High quality]]
[2021.09.26-07.17.37:861][  0]LogConfig: Setting CVar [[r.AnisotropicMaterials:1]]
[2021.09.26-07.17.37:861][  0]LogConfig: Setting CVar [[r.SSS.Scale:1]]
[2021.09.26-07.17.37:861][  0]LogConfig: Setting CVar [[r.SSS.SampleSet:2]]
[2021.09.26-07.17.37:861][  0]LogConfig: Setting CVar [[r.SSS.Quality:1]]
[2021.09.26-07.17.37:861][  0]LogConfig: Setting CVar [[r.SSS.HalfRes:0]]
[2021.09.26-07.17.37:861][  0]LogConfig: Setting CVar [[r.SSGI.Quality:3]]
[2021.09.26-07.17.37:861][  0]LogConfig: Setting CVar [[r.EmitterSpawnRateScale:1.0]]
[2021.09.26-07.17.37:861][  0]LogConfig: Setting CVar [[r.ParticleLightQuality:2]]
[2021.09.26-07.17.37:861][  0]LogConfig: Setting CVar [[r.SkyAtmosphere.AerialPerspectiveLUT.FastApplyOnOpaque:1 ; Always have FastSkyLUT 1 in this case to avoid wrong sky]]
[2021.09.26-07.17.37:861][  0]LogConfig: Setting CVar [[r.SkyAtmosphere.AerialPerspectiveLUT.SampleCountMaxPerSlice:4]]
[2021.09.26-07.17.37:861][  0]LogConfig: Setting CVar [[r.SkyAtmosphere.AerialPerspectiveLUT.DepthResolution:16.0]]
[2021.09.26-07.17.37:861][  0]LogConfig: Setting CVar [[r.SkyAtmosphere.FastSkyLUT:1]]
[2021.09.26-07.17.37:861][  0]LogConfig: Setting CVar [[r.SkyAtmosphere.FastSkyLUT.SampleCountMin:4.0]]
[2021.09.26-07.17.37:861][  0]LogConfig: Setting CVar [[r.SkyAtmosphere.FastSkyLUT.SampleCountMax:128.0]]
[2021.09.26-07.17.37:861][  0]LogConfig: Setting CVar [[r.SkyAtmosphere.SampleCountMin:4.0]]
[2021.09.26-07.17.37:861][  0]LogConfig: Setting CVar [[r.SkyAtmosphere.SampleCountMax:128.0]]
[2021.09.26-07.17.37:861][  0]LogConfig: Setting CVar [[r.SkyAtmosphere.TransmittanceLUT.UseSmallFormat:0]]
[2021.09.26-07.17.37:861][  0]LogConfig: Setting CVar [[r.SkyAtmosphere.TransmittanceLUT.SampleCount:10.0]]
[2021.09.26-07.17.37:861][  0]LogConfig: Setting CVar [[r.SkyAtmosphere.MultiScatteringLUT.SampleCount:15.0]]
[2021.09.26-07.17.37:861][  0]LogConfig: Setting CVar [[r.SkyLight.RealTimeReflectionCapture:1]]
[2021.09.26-07.17.37:861][  0]LogConfig: Applying CVar settings from Section [FoliageQuality@3] File [H:/Game Dev/Game Projects/SAE Games/GDS212/Brief1/Brief1/GDS212_Brief1/Saved/Config/Windows/Scalability.ini]
[2021.09.26-07.17.37:861][  0]LogConfig: Setting CVar [[foliage.DensityScale:1.0]]
[2021.09.26-07.17.37:861][  0]LogConfig: Setting CVar [[grass.DensityScale:1.0]]
[2021.09.26-07.17.37:861][  0]LogConfig: Applying CVar settings from Section [ShadingQuality@3] File [H:/Game Dev/Game Projects/SAE Games/GDS212/Brief1/Brief1/GDS212_Brief1/Saved/Config/Windows/Scalability.ini]
[2021.09.26-07.17.37:861][  0]LogConfig: Setting CVar [[r.HairStrands.SkyLighting.IntegrationType:2]]
[2021.09.26-07.17.37:861][  0]LogConfig: Setting CVar [[r.HairStrands.SkyAO.SampleCount:4]]
[2021.09.26-07.17.37:861][  0]LogConfig: Setting CVar [[r.HairStrands.Visibility.MSAA.SamplePerPixel:4]]
[2021.09.26-07.17.37:861][  0]LogConfig: Applying CVar settings from Section [Startup] File [../../../Engine/Config/ConsoleVariables.ini]
[2021.09.26-07.17.37:862][  0]LogConfig: Setting CVar [[net.UseAdaptiveNetUpdateFrequency:0]]
[2021.09.26-07.17.37:862][  0]LogConfig: Setting CVar [[p.chaos.AllowCreatePhysxBodies:1]]
[2021.09.26-07.17.37:862][  0]LogConfig: Setting CVar [[fx.SkipVectorVMBackendOptimizations:1]]
[2021.09.26-07.17.37:862][  0]LogConfig: Applying CVar settings from Section [ConsoleVariables] File [H:/Game Dev/Game Projects/SAE Games/GDS212/Brief1/Brief1/GDS212_Brief1/Saved/Config/Windows/Engine.ini]
[2021.09.26-07.17.37:862][  0]LogConfig: Applying CVar settings from Section [ConsoleVariables] File [H:/Game Dev/Game Projects/SAE Games/GDS212/Brief1/Brief1/GDS212_Brief1/Saved/Config/Windows/Editor.ini]
[2021.09.26-07.17.37:862][  0]LogInit: Computer: DICKSONHEE
[2021.09.26-07.17.37:862][  0]LogInit: User: DicksonHee
[2021.09.26-07.17.37:862][  0]LogInit: CPU Page size=4096, Cores=6
[2021.09.26-07.17.37:862][  0]LogInit: High frequency timer resolution =10.000000 MHz
[2021.09.26-07.17.37:862][  0]LogMemory: Memory total: Physical=15.5GB (16GB approx)
[2021.09.26-07.17.37:862][  0]LogMemory: Platform Memory Stats for Windows
[2021.09.26-07.17.37:862][  0]LogMemory: Process Physical Memory: 143.42 MB used, 143.42 MB peak
[2021.09.26-07.17.37:862][  0]LogMemory: Process Virtual Memory: 130.12 MB used, 130.12 MB peak
[2021.09.26-07.17.37:862][  0]LogMemory: Physical Memory: 11072.35 MB used,  4763.20 MB free, 15835.55 MB total
[2021.09.26-07.17.37:862][  0]LogMemory: Virtual Memory: 134210816.00 MB used,  6908.14 MB free, 134217728.00 MB total
[2021.09.26-07.17.37:869][  0]LogWindows: WindowsPlatformFeatures enabled
[2021.09.26-07.17.37:932][  0]LogInit: Physics initialised using underlying interface: PhysX
[2021.09.26-07.17.37:933][  0]LogInit: Using OS detected language (en-GB).
[2021.09.26-07.17.37:933][  0]LogInit: Using OS detected locale (en-AU).
[2021.09.26-07.17.37:936][  0]LogTextLocalizationManager: No specific localization for 'en-GB' exists, so the 'en' localization will be used.
[2021.09.26-07.17.38:142][  0]LogInit: Setting process to per monitor DPI aware
[2021.09.26-07.17.38:158][  0]LogWindowsTextInputMethodSystem: Display: IME system deactivated.
[2021.09.26-07.17.38:181][  0]LogSlate: New Slate User Created.  User Index 0, Is Virtual User: 0
[2021.09.26-07.17.38:181][  0]LogSlate: Slate User Registered.  User Index 0, Is Virtual User: 0
[2021.09.26-07.17.38:335][  0]LogD3D11RHI: Loaded GFSDK_Aftermath_Lib.x64.dll
[2021.09.26-07.17.38:416][  0]LogHMD: Failed to initialize OpenVR with code 108
[2021.09.26-07.17.38:416][  0]LogD3D11RHI: D3D11 min allowed feature level: 11_0
[2021.09.26-07.17.38:416][  0]LogD3D11RHI: D3D11 max allowed feature level: 11_0
[2021.09.26-07.17.38:416][  0]LogD3D11RHI: D3D11 adapters:
[2021.09.26-07.17.38:513][  0]LogD3D11RHI:    0. 'NVIDIA GeForce GTX 1080 Ti' (Feature Level 11_0)
[2021.09.26-07.17.38:513][  0]LogD3D11RHI:       11127/0/7917 MB DedicatedVideo/DedicatedSystem/SharedSystem, Outputs:2, VendorId:0x10de
[2021.09.26-07.17.38:515][  0]LogD3D11RHI:    1. 'Microsoft Basic Render Driver' (Feature Level 11_0)
[2021.09.26-07.17.38:515][  0]LogD3D11RHI:       0/0/7917 MB DedicatedVideo/DedicatedSystem/SharedSystem, Outputs:0, VendorId:0x1414
[2021.09.26-07.17.38:515][  0]LogD3D11RHI: Chosen D3D11 Adapter: 0
[2021.09.26-07.17.38:525][  0]LogD3D11RHI: Creating new Direct3DDevice
[2021.09.26-07.17.38:525][  0]LogD3D11RHI:     GPU DeviceId: 0x1b06 (for the marketing name, search the web for "GPU Device Id")
[2021.09.26-07.17.38:525][  0]LogWindows: EnumDisplayDevices:
[2021.09.26-07.17.38:525][  0]LogWindows:    0. 'NVIDIA GeForce GTX 1080 Ti' (P:1 D:1)
[2021.09.26-07.17.38:526][  0]LogWindows:    1. 'NVIDIA GeForce GTX 1080 Ti' (P:0 D:1)
[2021.09.26-07.17.38:526][  0]LogWindows:    2. 'NVIDIA GeForce GTX 1080 Ti' (P:0 D:0)
[2021.09.26-07.17.38:527][  0]LogWindows:    3. 'NVIDIA GeForce GTX 1080 Ti' (P:0 D:0)
[2021.09.26-07.17.38:528][  0]LogWindows: DebugString: FoundDriverCount:4 
[2021.09.26-07.17.38:528][  0]LogD3D11RHI:     Adapter Name: NVIDIA GeForce GTX 1080 Ti
[2021.09.26-07.17.38:528][  0]LogD3D11RHI:   Driver Version: 471.11 (internal:30.0.14.7111, unified:471.11)
[2021.09.26-07.17.38:528][  0]LogD3D11RHI:      Driver Date: 6-21-2021
[2021.09.26-07.17.38:528][  0]LogRHI: Texture pool is 7788 MB (70% of 11127 MB)
[2021.09.26-07.17.38:601][  0]LogD3D11RHI: RHI has support for 64 bit atomics
[2021.09.26-07.17.38:601][  0]LogD3D11RHI: Async texture creation enabled
[2021.09.26-07.17.38:601][  0]LogD3D11RHI: Array index from any shader is supported
[2021.09.26-07.17.38:623][  0]LogD3D11RHI: GPU Timing Frequency: 1000.000000 (Debug: 2 1)
[2021.09.26-07.17.38:691][  0]LogRHI: GeForceNow SDK initialized: 1
[2021.09.26-07.17.39:044][  0]LogTargetPlatformManager: Display: Loaded TargetPlatform 'AllDesktop'
[2021.09.26-07.17.39:070][  0]LogTargetPlatformManager: Display: Loaded TargetPlatform 'Android'
[2021.09.26-07.17.39:070][  0]LogTargetPlatformManager: Display: Loaded TargetPlatform 'Android_ASTC'
[2021.09.26-07.17.39:070][  0]LogTargetPlatformManager: Display: Loaded TargetPlatform 'Android_DXT'
[2021.09.26-07.17.39:070][  0]LogTargetPlatformManager: Display: Loaded TargetPlatform 'Android_ETC2'
[2021.09.26-07.17.39:070][  0]LogTargetPlatformManager: Display: Loaded TargetPlatform 'AndroidClient'
[2021.09.26-07.17.39:070][  0]LogTargetPlatformManager: Display: Loaded TargetPlatform 'Android_ASTCClient'
[2021.09.26-07.17.39:070][  0]LogTargetPlatformManager: Display: Loaded TargetPlatform 'Android_DXTClient'
[2021.09.26-07.17.39:070][  0]LogTargetPlatformManager: Display: Loaded TargetPlatform 'Android_ETC2Client'
[2021.09.26-07.17.39:070][  0]LogTargetPlatformManager: Display: Loaded TargetPlatform 'Android_Multi'
[2021.09.26-07.17.39:070][  0]LogTargetPlatformManager: Display: Loaded TargetPlatform 'Android_MultiClient'
[2021.09.26-07.17.39:090][  0]LogTargetPlatformManager: Display: Loaded TargetPlatform 'IOSClient'
[2021.09.26-07.17.39:090][  0]LogTargetPlatformManager: Display: Loaded TargetPlatform 'IOS'
[2021.09.26-07.17.39:101][  0]LogTargetPlatformManager: Display: Loaded TargetPlatform 'Linux'
[2021.09.26-07.17.39:107][  0]LogTargetPlatformManager: Display: Loaded TargetPlatform 'LinuxNoEditor'
[2021.09.26-07.17.39:112][  0]LogTargetPlatformManager: Display: Loaded TargetPlatform 'LinuxClient'
[2021.09.26-07.17.39:117][  0]LogTargetPlatformManager: Display: Loaded TargetPlatform 'LinuxServer'
[2021.09.26-07.17.39:127][  0]LogTargetPlatformManager: Display: Loaded TargetPlatform 'LinuxAArch64NoEditor'
[2021.09.26-07.17.39:134][  0]LogTargetPlatformManager: Display: Loaded TargetPlatform 'LinuxAArch64Client'
[2021.09.26-07.17.39:141][  0]LogTargetPlatformManager: Display: Loaded TargetPlatform 'LinuxAArch64Server'
[2021.09.26-07.17.39:178][  0]LogTargetPlatformManager: Display: Loaded TargetPlatform 'Lumin'
[2021.09.26-07.17.39:178][  0]LogTargetPlatformManager: Display: Loaded TargetPlatform 'LuminClient'
[2021.09.26-07.17.39:192][  0]LogTargetPlatformManager: Display: Loaded TargetPlatform 'MacNoEditor'
[2021.09.26-07.17.39:198][  0]LogTargetPlatformManager: Display: Loaded TargetPlatform 'Mac'
[2021.09.26-07.17.39:203][  0]LogTargetPlatformManager: Display: Loaded TargetPlatform 'MacClient'
[2021.09.26-07.17.39:208][  0]LogTargetPlatformManager: Display: Loaded TargetPlatform 'MacServer'
[2021.09.26-07.17.39:222][  0]LogTargetPlatformManager: Display: Loaded TargetPlatform 'TVOSClient'
[2021.09.26-07.17.39:222][  0]LogTargetPlatformManager: Display: Loaded TargetPlatform 'TVOS'
[2021.09.26-07.17.39:234][  0]LogTargetPlatformManager: Display: Loaded TargetPlatform 'WindowsNoEditor'
[2021.09.26-07.17.39:241][  0]LogTargetPlatformManager: Display: Loaded TargetPlatform 'Windows'
[2021.09.26-07.17.39:246][  0]LogTargetPlatformManager: Display: Loaded TargetPlatform 'WindowsClient'
[2021.09.26-07.17.39:253][  0]LogTargetPlatformManager: Display: Loaded TargetPlatform 'WindowsServer'
[2021.09.26-07.17.39:253][  0]LogTargetPlatformManager: Display: Building Assets For Windows
[2021.09.26-07.17.39:261][  0]LogAudioDebug: Display: Lib vorbis DLL was dynamically loaded.
[2021.09.26-07.17.39:303][  0]LogTextureFormatOodle: Display: Oodle Texture 2.9.0 init RDO Off
[2021.09.26-07.17.39:344][  0]LogRendererCore: Ray tracing is disabled. Reason: r.RayTracing=0.
[2021.09.26-07.17.39:344][  0]LogShaderCompilers: Guid format shader working directory is -22 characters bigger than the processId version (../../../../../Game Projects/SAE Games/GDS212/Brief1/Brief1/GDS212_Brief1/Intermediate/Shaders/WorkingDirectory/29812/).
[2021.09.26-07.17.39:344][  0]LogShaderCompilers: Cleaned the shader compiler working directory 'C:/Users/Dickson Hee/AppData/Local/Temp/UnrealShaderWorkingDir/FE4C86BF42A1D924934BAC8E765DFF61/'.
[2021.09.26-07.17.39:344][  0]LogXGEController: Cannot use XGE Controller as Incredibuild is not installed on this machine.
[2021.09.26-07.17.39:344][  0]LogShaderCompilers: Cannot use XGE Shader Compiler as Incredibuild is not installed on this machine.
[2021.09.26-07.17.39:344][  0]LogShaderCompilers: Display: Using Local Shader Compiler.
[2021.09.26-07.17.40:169][  0]LogDerivedDataCache: Display: Max Cache Size: 512 MB
[2021.09.26-07.17.40:231][  0]LogDerivedDataCache: Loaded boot cache 0.06s 96MB C:/Users/Dickson Hee/AppData/Local/UnrealEngine/4.27/DerivedDataCache/Boot.ddc.
[2021.09.26-07.17.40:231][  0]LogDerivedDataCache: Display: Loaded Boot cache: C:/Users/Dickson Hee/AppData/Local/UnrealEngine/4.27/DerivedDataCache/Boot.ddc
[2021.09.26-07.17.40:232][  0]LogDerivedDataCache: FDerivedDataBackendGraph:  Pak pak cache file ../../../../../Game Projects/SAE Games/GDS212/Brief1/Brief1/GDS212_Brief1/DerivedDataCache/DDC.ddp not found, will not use a pak cache.
[2021.09.26-07.17.40:232][  0]LogDerivedDataCache: Unable to find inner node Pak for hierarchical cache Hierarchy.
[2021.09.26-07.17.40:232][  0]LogDerivedDataCache: FDerivedDataBackendGraph:  CompressedPak pak cache file ../../../../../Game Projects/SAE Games/GDS212/Brief1/Brief1/GDS212_Brief1/DerivedDataCache/Compressed.ddp not found, will not use a pak cache.
[2021.09.26-07.17.40:232][  0]LogDerivedDataCache: Unable to find inner node CompressedPak for hierarchical cache Hierarchy.
[2021.09.26-07.17.40:251][  0]LogDerivedDataCache: Display: Pak cache opened for reading ../../../Engine/DerivedDataCache/Compressed.ddp.
[2021.09.26-07.17.40:251][  0]LogDerivedDataCache: FDerivedDataBackendGraph:  EnterprisePak pak cache file ../../../Enterprise/DerivedDataCache/Compressed.ddp not found, will not use a pak cache.
[2021.09.26-07.17.40:251][  0]LogDerivedDataCache: Unable to find inner node EnterprisePak for hierarchical cache Hierarchy.
[2021.09.26-07.17.40:262][  0]LogDerivedDataCache: Speed tests for C:/Users/Dickson Hee/AppData/Local/UnrealEngine/Common/DerivedDataCache took 0.01 seconds
[2021.09.26-07.17.40:262][  0]LogDerivedDataCache: Display: Performance to C:/Users/Dickson Hee/AppData/Local/UnrealEngine/Common/DerivedDataCache: Latency=0.04ms. RandomReadSpeed=977.69MBs, RandomWriteSpeed=100.61MBs. Assigned SpeedClass 'Local'
[2021.09.26-07.17.40:263][  0]LogDerivedDataCache: Using Local data cache path C:/Users/Dickson Hee/AppData/Local/UnrealEngine/Common/DerivedDataCache: Writable
[2021.09.26-07.17.40:264][  0]LogDerivedDataCache: Shared data cache path not found in *engine.ini, will not use an Shared cache.
[2021.09.26-07.17.40:264][  0]LogDerivedDataCache: Unable to find inner node Shared for hierarchical cache Hierarchy.
[2021.09.26-07.17.40:323][  0]LogSlate: Using FreeType 2.10.0
[2021.09.26-07.17.40:323][  0]LogSlate: SlateFontServices - WITH_FREETYPE: 1, WITH_HARFBUZZ: 1
[2021.09.26-07.17.40:347][  0]LogAssetRegistry: FAssetRegistry took 0.0029 seconds to start up
[2021.09.26-07.17.40:637][  0]LogInit: Selected Device Profile: [Windows]
[2021.09.26-07.17.40:637][  0]LogInit: Active device profile: [000001AA4EC96E00][000001AA4D57B0C0 49] Windows
[2021.09.26-07.17.40:637][  0]LogInit: Profiles: [000001AA4EC96E00][000001AA4D57B0C0 49] Windows, [000001AA4EC15400][000001AA4D583240 49] WindowsNoEditor, [000001AA4EC95400][000001AA4D5873C0 49] WindowsServer, [000001AA4EC16600][000001AA4D58B540 49] WindowsClient, [000001AA4EC96500][000001AA4CE016C0 49] IOS, [000001AA4EC15D00][000001AA4CE05840 49] iPadAir, [000001AA4EC95C00][000001AA4CE099C0 49] iPadAir2, [000001AA4EB9F500][000001AA4CE10100 49] IPadPro, [000001AA4EB9F600][000001AA4CE0C140 49] iPadAir3, [000001AA4EC97000][000001AA4CE142C0 49] iPadAir4, [000001AA4EB9D900][000001AA4CE18440 49] iPadMini2, [000001AA4EC96B00][000001AA4CE1C5C0 49] iPadMini3, [000001AA4EB9F700][000001AA4CE20740 49] iPadMini4, [000001AA4EC94100][000001AA4CE248C0 49] iPadMini5, [000001AA4EBF2E00][000001AA4CE28B00 49] iPhone6, [000001AA4EBF2F00][000001AA4D57EB40 49] iPodTouch6, [000001AA4EB9CA00][000001AA4CE30D80 49] iPhone7, [000001AA4EB9C900][000001AA4CE2CDC0 49] iPodTouch7, [000001AA4EBF1800][000001AA4CE38F40 49] iPhone5S, [000001AA4EB9EE00][000001AA4CE3D0C0 49] iPhone6Plus, [000001AA4EBF2100][000001AA4CE41240 49] iPhone6S, [000001AA4EB9E400][000001AA4CE453C0 49] iPhone6SPlus, [000001AA4EBF1700][000001AA4CE49540 49] iPhone7Plus, [000001AA4EB9FA00][000001AA4CE4D6C0 49] iPhoneSE, [000001AA4EBF1A00][000001AA4CE51840 49] iPhone8, [000001AA4EB9EC00][000001AA4CE559C0 49] iPhone8Plus, [000001AA4EBF2000][000001AA4CE59B40 49] iPhoneX, [000001AA4EB9E500][000001AA4CE5C140 49] iPhoneXS, [000001AA4EBF2900][000001AA4CE602C0 49] iPhoneXSMax, [000001AA4EB9F300][000001AA4CE64440 49] iPhoneXR, [000001AA4EBF3700][000001AA4CE7C5C0 49] iPhone11, [000001AA4EB9CE00][000001AA4CEB4740 49] iPhone11Pro, [000001AA4EBF3500][000001AA4CED48C0 49] iPhone11ProMax, [000001AA4EB9DA00][000001AA4CF00A40 49] iPhoneSE2, [000001AA4EBF1200][000001AA4CE34B80 49] iPhone12Mini, [000001AA4EB9DE00][000001AA4CF04CC0 49] iPhone12, [000001AA4EBF2200][000001AA4CF08E00 49] iPhone12Pro, [000001AA4EB9C700][000001AA4CF0CF40 49] iPhone12ProMax, [000001AA4EBF3800][000001AA4CF150C0 49] iPadPro105, [000001AA4EB9EA00][000001AA4CF19240 49] iPadPro129, [000001AA4EBF0B00][000001AA4CF1D3C0 49] iPadPro97, [000001AA4EB9F800][000001AA4CF21540 49] iPadPro2_129, [000001AA4EBF3D00][000001AA4CF256C0 49] iPad5, [000001AA4EB9FD00][000001AA4CF29840 49] iPad6, [000001AA4EBF2500][000001AA4CF2D9C0 49] iPad7, [000001AA4EB9C400][000001AA4CF31B40 49] iPad8, [000001AA4EBF3F00][000001AA4CF34140 49] iPadPro11, [000001AA4EB9FB00][000001AA4CF382C0 49] iPadPro2_11, [000001AA4EBF2400][000001AA4CF3C440 49] iPadPro3_129, [000001AA4EB9FE00][000001AA4CF405C0 49] iPadPro4_129, [000001AA4EBF1300][000001AA4CF44740 49] AppleTV, [000001AA4ED18A00][000001AA4CF488C0 49] AppleTV4K, [000001AA4EC17A00][000001AA4CF58A40 49] TVOS, [000001AA4ED19900][000001AA4CF5CBC0 49] Mac, [000001AA4EC16200][000001AA4CF60D40 49] MacClient, [000001AA4ED19200][000001AA4CF10E80 49] MacNoEditor, [000001AA4EC16A00][000001AA4CF64FC0 49] MacServer, [000001AA4ED18200][000001AA4CF69100 49] Linux, [000001AA4EC14D00][000001AA4CF71280 49] LinuxAArch64, [000001AA4ED19300][000001AA4CF75400 49] LinuxNoEditor, [000001AA4EC15500][000001AA4CF79580 49] LinuxAArch64NoEditor, [000001AA4ED19600][000001AA4CF7D700 49] LinuxClient, [000001AA4EC16E00][000001AA4CF81880 49] LinuxAArch64Client, [000001AA4ED19500][000001AA4CF85A00 49] LinuxServer, [000001AA4EC17500][000001AA4CF89B80 49] LinuxAArch64Server, [000001AA4ED19D00][000001AA4CF8C180 49] Android, [000001AA4EC15E00][000001AA4CF9A300 49] Android_Low, [000001AA4ED19C00][000001AA4CFAE480 49] Android_Mid, [000001AA4EC16900][000001AA4CFB2600 49] Android_High, [000001AA4EBF1E00][000001AA4CFB6780 49] Android_Default, [000001AA4EB9E100][000001AA4D040900 49] Android_Adreno4xx, [000001AA4EBF1000][000001AA4D044A80 49] Android_Adreno5xx_Low, [000001AA4EB9F900][000001AA4D048C00 49] Android_Adreno5xx, [000001AA4EBF1900][000001AA4D04CD80 49] Android_Adreno6xx, [000001AA4EB9CC00][000001AA4D058F00 49] Android_Adreno6xx_Vulkan, [000001AA4EBF1400][000001AA4CF6D040 49] Android_Mali_T6xx, [000001AA4EB9E200][000001AA4D065180 49] Android_Mali_T7xx, [000001AA4EBF0F00][000001AA4D06D2C0 49] Android_Mali_T8xx, [000001AA4EB9D300][000001AA4D07D440 49] Android_Mali_G71, [000001AA4EBF2B00][000001AA4D0855C0 49] Android_Mali_G72, [000001AA4EB9D600][000001AA4D08D740 49] Android_Mali_G72_Vulkan, [000001AA4EBF3C00][000001AA4D0918C0 49] Android_Mali_G76, [000001AA4EB9F200][000001AA4D09DA40 49] Android_Mali_G76_Vulkan, [000001AA4EBF2700][000001AA4D0B1BC0 49] Android_Mali_G77, [000001AA4EB9C800][000001AA4D0B81C0 49] Android_Mali_G77_Vulkan, [000001AA4EBF1100][000001AA4D0C0340 49] Android_Mali_G78, [000001AA4EB9D400][000001AA4D0D04C0 49] Android_Mali_G78_Vulkan, [000001AA4EBF1F00][000001AA4D0D4640 49] Android_Mali_G710, [000001AA4EB9C500][000001AA4D0DC7C0 49] Android_Mali_G710_Vulkan, [000001AA4ED18600][000001AA4D12A940 49] Android_Vulkan_SM5, [000001AA4EB9C600][000001AA4D12EAC0 49] Android_PowerVR_G6xxx, [000001AA4ED19800][000001AA4D13AC40 49] Android_PowerVR_GT7xxx, [000001AA4EB9DC00][000001AA4D14ADC0 49] Android_PowerVR_GE8xxx, [000001AA4ED19B00][000001AA4D152F40 49] Android_PowerVR_GM9xxx, [000001AA4EB9EF00][000001AA4D1570C0 49] Android_PowerVR_GM9xxx_Vulkan, [000001AA4ED18100][000001AA4D079200 49] Android_TegraK1, [000001AA4EB9E300][000001AA4D15B340 49] Android_Unknown_Vulkan, [000001AA4ED18800][000001AA4D15F480 49] Lumin, [000001AA4EB9ED00][000001AA4D1635C0 49] Lumin_Desktop, [000001AA4EBF0D00][000001AA4D16B740 49] HoloLens, 
[2021.09.26-07.17.40:785][  0]LogMeshReduction: Using QuadricMeshReduction for automatic static mesh reduction
[2021.09.26-07.17.40:785][  0]LogMeshReduction: Using SimplygonMeshReduction for automatic skeletal mesh reduction
[2021.09.26-07.17.40:785][  0]LogMeshReduction: Using ProxyLODMeshReduction for automatic mesh merging
[2021.09.26-07.17.40:785][  0]LogMeshReduction: No distributed automatic mesh merging module available
[2021.09.26-07.17.40:785][  0]LogMeshMerging: No distributed automatic mesh merging module available
[2021.09.26-07.17.40:807][  0]LogNetVersion: GDS212_Brief1 1.0.0, NetCL: 17155196, EngineNetVer: 17, GameNetVer: 0 (Checksum: 3959759888)
[2021.09.26-07.17.41:227][  0]LogTexture: Default maximum texture size for cubemaps generated from long-lat sources has been changed from 512 to unlimited. In order to preserve old behaiour for '/Engine/MapTemplates/Sky/DaylightAmbientCubemap.DaylightAmbientCubemap', its maximum texture size has been explicitly set to 512.
[2021.09.26-07.17.41:301][  0]LogHMD: PokeAHoleMaterial loaded successfully
[2021.09.26-07.17.41:309][  0]LogUObjectArray: 17178 objects as part of root set at end of initial load.
[2021.09.26-07.17.41:309][  0]LogUObjectAllocator: 4301856 out of 0 bytes used by permanent object pool.
[2021.09.26-07.17.41:309][  0]LogUObjectArray: CloseDisregardForGC: 0/0 objects in disregard for GC pool
[2021.09.26-07.17.41:586][  0]LogNiagaraDebuggerClient: Niagara Debugger Client Initialized | Session: C5C84DE24700B3F0DA2A3C9DF8B23AD8 | Instance: A80B9E564C6580A05BF67AAD338793A8 (DICKSONHEE-29812).
[2021.09.26-07.17.41:644][  0]LogStreaming: Warning: Failed to read file '../../../Engine/Content/Editor/Slate/Niagara/MenuSeparator.png' error.
[2021.09.26-07.17.41:644][  0]LogSlate: Could not find file for Slate resource: ../../../Engine/Content/Editor/Slate/Niagara/MenuSeparator.png
[2021.09.26-07.17.41:644][  0]LogStreaming: Warning: Failed to read file '../../../Engine/Content/Editor/Slate/Niagara/Common/Selection.png' error.
[2021.09.26-07.17.41:645][  0]LogSlate: Could not find file for Slate resource: ../../../Engine/Content/Editor/Slate/Niagara/Common/Selection.png
[2021.09.26-07.17.41:645][  0]LogStreaming: Warning: Failed to read file '../../../Engine/Content/Editor/Slate/Niagara/Common/Selector.png' error.
[2021.09.26-07.17.41:645][  0]LogSlate: Could not find file for Slate resource: ../../../Engine/Content/Editor/Slate/Niagara/Common/Selector.png
[2021.09.26-07.17.41:645][  0]LogStreaming: Warning: Failed to read file '../../../Engine/Content/Editor/Slate/Niagara/Common/DropZoneIndicator_Above.png' error.
[2021.09.26-07.17.41:645][  0]LogSlate: Could not find file for Slate resource: ../../../Engine/Content/Editor/Slate/Niagara/Common/DropZoneIndicator_Above.png
[2021.09.26-07.17.41:645][  0]LogStreaming: Warning: Failed to read file '../../../Engine/Content/Editor/Slate/Niagara/Common/DropZoneIndicator_Onto.png' error.
[2021.09.26-07.17.41:645][  0]LogSlate: Could not find file for Slate resource: ../../../Engine/Content/Editor/Slate/Niagara/Common/DropZoneIndicator_Onto.png
[2021.09.26-07.17.41:645][  0]LogStreaming: Warning: Failed to read file '../../../Engine/Content/Editor/Slate/Niagara/Common/DropZoneIndicator_Below.png' error.
[2021.09.26-07.17.41:645][  0]LogSlate: Could not find file for Slate resource: ../../../Engine/Content/Editor/Slate/Niagara/Common/DropZoneIndicator_Below.png
[2021.09.26-07.17.41:645][  0]LogStreaming: Warning: Failed to read file '../../../Engine/Content/Editor/Slate/Niagara/Common/FlatButton.png' error.
[2021.09.26-07.17.41:645][  0]LogSlate: Could not find file for Slate resource: ../../../Engine/Content/Editor/Slate/Niagara/Common/FlatButton.png
[2021.09.26-07.17.41:645][  0]LogStreaming: Warning: Failed to read file '../../../Engine/Content/Editor/Slate/Niagara/Common/RoundedSelection_16x.png' error.
[2021.09.26-07.17.41:645][  0]LogSlate: Could not find file for Slate resource: ../../../Engine/Content/Editor/Slate/Niagara/Common/RoundedSelection_16x.png
[2021.09.26-07.17.41:645][  0]LogImageWrapper: Warning: PNG Warning: Duplicate iCCP chunk
[2021.09.26-07.17.41:645][  0]LogImageWrapper: Warning: PNG Warning: Duplicate iCCP chunk
[2021.09.26-07.17.41:645][  0]LogPython: Using Python 3.7.7
[2021.09.26-07.17.42:374][  0]LogTcpMessaging: Initializing TcpMessaging bridge
[2021.09.26-07.17.42:398][  0]LogUdpMessaging: Initializing bridge on interface 0.0.0.0:0 to multicast group 230.0.0.1:6666.
[2021.09.26-07.17.42:471][  0]LogLinker: Warning: Failed to load '/Game/FirstPersonBP/FirstPersonOverview': Can't find file.
[2021.09.26-07.17.42:472][  0]LogLinker: Warning: Failed to load '/Game/FirstPersonBP/FirstPersonOverview': Can't find file.
[2021.09.26-07.17.42:472][  0]LogUObjectGlobals: Warning: Failed to find object 'Class /Game/FirstPersonBP/FirstPersonOverview.FirstPersonOverview_C'
[2021.09.26-07.17.42:797][  0]LogOpenImageDenoise: OIDN starting up
[2021.09.26-07.17.42:856][  0]SourceControl: Source control is disabled
[2021.09.26-07.17.42:856][  0]SourceControl: Source control is disabled
[2021.09.26-07.17.42:860][  0]SourceControl: Source control is disabled
[2021.09.26-07.17.42:863][  0]SourceControl: Source control is disabled
[2021.09.26-07.17.42:872][  0]SourceControl: Source control is disabled
[2021.09.26-07.17.42:879][  0]LogUProjectInfo: Found projects:
[2021.09.26-07.17.42:903][  0]LogAndroidPermission: UAndroidPermissionCallbackProxy::GetInstance
[2021.09.26-07.17.42:930][  0]LogAudioCaptureCore: Display: No Audio Capture implementations found. Audio input will be silent.
[2021.09.26-07.17.42:930][  0]LogAudioCaptureCore: Display: No Audio Capture implementations found. Audio input will be silent.
[2021.09.26-07.17.43:081][  0]LogCollectionManager: Loaded 0 collections in 0.001029 seconds
[2021.09.26-07.17.43:129][  0]LogFileCache: Scanning file cache for directory 'H:/Game Dev/Game Projects/SAE Games/GDS212/Brief1/Brief1/GDS212_Brief1/Saved/Collections/' took 0.00s
[2021.09.26-07.17.43:129][  0]LogFileCache: Scanning file cache for directory 'H:/Game Dev/Game Projects/SAE Games/GDS212/Brief1/Brief1/GDS212_Brief1/Content/Developers/DicksonHee/Collections/' took 0.00s
[2021.09.26-07.17.43:130][  0]LogFileCache: Scanning file cache for directory 'H:/Game Dev/Game Projects/SAE Games/GDS212/Brief1/Brief1/GDS212_Brief1/Content/Collections/' took 0.00s
[2021.09.26-07.17.43:130][  0]LogOcInput: OculusInput pre-init called
[2021.09.26-07.17.43:414][  0]LogStreaming: Warning: Failed to read file '../../../Engine/Content/Editor/Slate/Niagara/MenuSeparator.png' error.
[2021.09.26-07.17.43:414][  0]LogSlate: Could not find file for Slate resource: ../../../Engine/Content/Editor/Slate/Niagara/MenuSeparator.png
[2021.09.26-07.17.43:414][  0]LogStreaming: Warning: Failed to read file '../../../Engine/Content/Editor/Slate/Niagara/Common/Selector.png' error.
[2021.09.26-07.17.43:414][  0]LogSlate: Could not find file for Slate resource: ../../../Engine/Content/Editor/Slate/Niagara/Common/Selector.png
[2021.09.26-07.17.43:414][  0]LogStreaming: Warning: Failed to read file '../../../Engine/Content/Editor/Slate/Niagara/Common/Selection.png' error.
[2021.09.26-07.17.43:414][  0]LogSlate: Could not find file for Slate resource: ../../../Engine/Content/Editor/Slate/Niagara/Common/Selection.png
[2021.09.26-07.17.43:414][  0]LogStreaming: Warning: Failed to read file '../../../Engine/Content/Editor/Slate/Niagara/Common/DropZoneIndicator_Above.png' error.
[2021.09.26-07.17.43:415][  0]LogSlate: Could not find file for Slate resource: ../../../Engine/Content/Editor/Slate/Niagara/Common/DropZoneIndicator_Above.png
[2021.09.26-07.17.43:415][  0]LogStreaming: Warning: Failed to read file '../../../Engine/Content/Editor/Slate/Niagara/Common/DropZoneIndicator_Onto.png' error.
[2021.09.26-07.17.43:415][  0]LogSlate: Could not find file for Slate resource: ../../../Engine/Content/Editor/Slate/Niagara/Common/DropZoneIndicator_Onto.png
[2021.09.26-07.17.43:415][  0]LogStreaming: Warning: Failed to read file '../../../Engine/Content/Editor/Slate/Niagara/Common/DropZoneIndicator_Below.png' error.
[2021.09.26-07.17.43:415][  0]LogSlate: Could not find file for Slate resource: ../../../Engine/Content/Editor/Slate/Niagara/Common/DropZoneIndicator_Below.png
[2021.09.26-07.17.43:415][  0]LogStreaming: Warning: Failed to read file '../../../Engine/Content/Editor/Slate/Niagara/Common/RoundedSelection_16x.png' error.
[2021.09.26-07.17.43:415][  0]LogSlate: Could not find file for Slate resource: ../../../Engine/Content/Editor/Slate/Niagara/Common/RoundedSelection_16x.png
[2021.09.26-07.17.43:415][  0]LogStreaming: Warning: Failed to read file '../../../Engine/Content/Editor/Slate/Niagara/Common/FlatButton.png' error.
[2021.09.26-07.17.43:415][  0]LogSlate: Could not find file for Slate resource: ../../../Engine/Content/Editor/Slate/Niagara/Common/FlatButton.png
[2021.09.26-07.17.43:415][  0]LogImageWrapper: Warning: PNG Warning: Duplicate iCCP chunk
[2021.09.26-07.17.43:415][  0]LogImageWrapper: Warning: PNG Warning: Duplicate iCCP chunk
[2021.09.26-07.17.43:484][  0]LogEngine: Initializing Engine...
[2021.09.26-07.17.43:563][  0]LogHMD: Failed to initialize OpenVR with code 108
[2021.09.26-07.17.43:579][  0]LogHMD: Optional extension XR_VARJO_quad_views is not available
[2021.09.26-07.17.43:579][  0]LogHMD: Warning: Required extension XR_EXT_eye_gaze_interaction is not available
[2021.09.26-07.17.43:579][  0]LogHMD: Could not enable all required OpenXR extensions for OpenXREyeTracker on current system. This plugin will be loaded but ignored, but will be enabled on a target platform that supports the required extension.
[2021.09.26-07.17.43:634][  0]LogHMD: Failed to create an OpenXR instance, result is XR_ERROR_RUNTIME_FAILURE. Please check if you have an OpenXR runtime installed. The following extensions were enabled:
[2021.09.26-07.17.43:634][  0]LogHMD: - XR_KHR_D3D11_enable
[2021.09.26-07.17.43:634][  0]LogHMD: - XR_KHR_D3D12_enable
[2021.09.26-07.17.43:634][  0]LogHMD: - XR_KHR_opengl_enable
[2021.09.26-07.17.43:634][  0]LogHMD: - XR_KHR_vulkan_enable
[2021.09.26-07.17.43:634][  0]LogHMD: - XR_KHR_composition_layer_depth
[2021.09.26-07.17.43:634][  0]LogHMD: - XR_KHR_visibility_mask
[2021.09.26-07.17.43:634][  0]LogHMD: - XR_EXT_hand_tracking
[2021.09.26-07.17.43:634][  0]LogMagicLeap: Warning: VR disabled because ZI is not enabled.  To enable, in the editor, Edit -> Project Settings -> Plugins -> Magic Leap Plugin -> Enable Zero Iteration
[2021.09.26-07.17.43:635][  0]LogStats: UGameplayTagsManager::InitializeManager -  0.000 s
[2021.09.26-07.17.43:782][  0]LogInit: Initializing FReadOnlyCVARCache
[2021.09.26-07.17.43:792][  0]LogAIModule: Creating AISystem for world Untitled
[2021.09.26-07.17.43:792][  0]LogAudio: Display: Initializing Audio Device Manager...
[2021.09.26-07.17.43:797][  0]LogAudio: Display: Loading Default Audio Settings Objects...
[2021.09.26-07.17.43:797][  0]LogAudio: Display: No default SoundConcurrencyObject specified (or failed to load).
[2021.09.26-07.17.43:798][  0]LogAudio: Display: Audio Device Manager Initialized
[2021.09.26-07.17.43:798][  0]LogAudio: Display: Creating Audio Device:                 Id: 1, Scope: Shared, Realtime: True
[2021.09.26-07.17.43:798][  0]LogAudioMixer: Display: Audio Mixer Platform Settings:
[2021.09.26-07.17.43:798][  0]LogAudioMixer: Display: 	Sample Rate:						  48000
[2021.09.26-07.17.43:798][  0]LogAudioMixer: Display: 	Callback Buffer Frame Size Requested: 1024
[2021.09.26-07.17.43:798][  0]LogAudioMixer: Display: 	Callback Buffer Frame Size To Use:	  1024
[2021.09.26-07.17.43:798][  0]LogAudioMixer: Display: 	Number of buffers to queue:			  2
[2021.09.26-07.17.43:798][  0]LogAudioMixer: Display: 	Max Channels (voices):				  32
[2021.09.26-07.17.43:798][  0]LogAudioMixer: Display: 	Number of Async Source Workers:		  0
[2021.09.26-07.17.43:798][  0]LogAudio: Display: AudioDevice MaxSources: 32
[2021.09.26-07.17.43:798][  0]LogAudio: Display: Audio Spatialization Plugin: None (built-in).
[2021.09.26-07.17.43:798][  0]LogAudio: Display: Audio Reverb Plugin: None (built-in).
[2021.09.26-07.17.43:798][  0]LogAudio: Display: Audio Occlusion Plugin: None (built-in).
[2021.09.26-07.17.43:798][  0]LogAudioMixer: Display: Initializing audio mixer.
[2021.09.26-07.17.43:839][  0]LogAudioMixer: Display: 0: FrontLeft
[2021.09.26-07.17.43:839][  0]LogAudioMixer: Display: 1: FrontRight
[2021.09.26-07.17.43:858][  0]LogAudioMixer: Display: Using Audio Device Speakers (SteelSeries Siberia 650)
[2021.09.26-07.17.43:864][  0]LogAudioMixer: Display: Initializing Sound Submixes...
[2021.09.26-07.17.43:866][  0]LogAudioMixer: Display: Creating Master Submix 'MasterSubmixDefault'
[2021.09.26-07.17.43:866][  0]LogAudioMixer: Display: Creating Master Submix 'MasterReverbSubmixDefault'
[2021.09.26-07.17.43:867][  0]LogAudioMixer: Display: Creating Master Submix 'MasterEQSubmixDefault'
[2021.09.26-07.17.43:867][  0]LogAudioMixer: FMixerPlatformXAudio2::StartAudioStream() called
[2021.09.26-07.17.43:867][  0]LogAudioMixer: Display: Output buffers initialized: Frames=1024, Channels=2, Samples=2048
[2021.09.26-07.17.43:868][  0]LogAudioMixer: Display: Starting AudioMixerPlatformInterface::RunInternal()
[2021.09.26-07.17.43:868][  0]LogAudioMixer: Display: FMixerPlatformXAudio2::SubmitBuffer() called for the first time
[2021.09.26-07.17.43:868][  0]LogInit: FAudioDevice initialized.
[2021.09.26-07.17.43:868][  0]LogAudio: Display: Audio Device (ID: 1) registered with world 'Untitled'.
[2021.09.26-07.17.43:868][  0]LogNetVersion: Set ProjectVersion to 1.0.0.0. Version Checksum will be recalculated on next use.
[2021.09.26-07.17.43:935][  0]LogDerivedDataCache: Saved boot cache 0.07s 95MB C:/Users/Dickson Hee/AppData/Local/UnrealEngine/4.27/DerivedDataCache/Boot.ddc.
[2021.09.26-07.17.43:936][  0]LogInit: Texture streaming: Enabled
[2021.09.26-07.17.43:950][  0]LogAnalytics: Display: [UEEditor.Rocket.Release] APIServer = https://datarouter.ol.epicgames.com/. AppVersion = 4.27.0-17155196+++UE4+Release-4.27
[2021.09.26-07.17.43:956][  0]LogEngineSessionManager: EngineSessionManager initialized
[2021.09.26-07.17.43:956][  0]LogEditorSessionSummary: Verbose: Initializing EditorSessionSummaryWriter for editor session tracking
[2021.09.26-07.17.43:962][  0]LogEditorSessionSummary: EditorSessionSummaryWriter initialized
[2021.09.26-07.17.43:985][  0]LogInit: Transaction tracking system initialized
[2021.09.26-07.17.44:011][  0]BlueprintLog: New page: Editor Load
[2021.09.26-07.17.44:142][  0]LocalizationService: Localization service is disabled
[2021.09.26-07.17.44:169][  0]TimingProfiler: Initialize
[2021.09.26-07.17.44:169][  0]TimingProfiler: OnSessionChanged
[2021.09.26-07.17.44:169][  0]LoadingProfiler: Initialize
[2021.09.26-07.17.44:169][  0]LoadingProfiler: OnSessionChanged
[2021.09.26-07.17.44:169][  0]NetworkingProfiler: Initialize
[2021.09.26-07.17.44:169][  0]NetworkingProfiler: OnSessionChanged
[2021.09.26-07.17.44:169][  0]MemoryProfiler: Initialize
[2021.09.26-07.17.44:169][  0]MemoryProfiler: OnSessionChanged
[2021.09.26-07.17.44:356][  0]LogFileCache: Scanning file cache for directory 'H:/Game Dev/Game Projects/SAE Games/GDS212/Brief1/Brief1/GDS212_Brief1/Content/' took 0.00s
[2021.09.26-07.17.44:356][  0]LogCook: Display: CookSettings for Memory: MemoryMaxUsedVirtual 0MiB, MemoryMaxUsedPhysical 16384MiB, MemoryMinFreeVirtual 0MiB, MemoryMinFreePhysical 1024MiB
[2021.09.26-07.17.44:356][  0]LogCook: Display: Mobile HDR setting 1
[2021.09.26-07.17.44:720][  0]LogStreaming: Warning: Failed to read file '../../../Engine/Content/Editor/Slate/Niagara/MenuSeparator.png' error.
[2021.09.26-07.17.44:720][  0]LogSlate: Could not find file for Slate resource: ../../../Engine/Content/Editor/Slate/Niagara/MenuSeparator.png
[2021.09.26-07.17.44:720][  0]LogStreaming: Warning: Failed to read file '../../../Engine/Content/Editor/Slate/Niagara/Common/Selection.png' error.
[2021.09.26-07.17.44:720][  0]LogStreaming: Warning: Failed to read file '../../../Engine/Content/Editor/Slate/Niagara/Common/Selector.png' error.
[2021.09.26-07.17.44:720][  0]LogSlate: Could not find file for Slate resource: ../../../Engine/Content/Editor/Slate/Niagara/Common/Selector.png
[2021.09.26-07.17.44:720][  0]LogStreaming: Warning: Failed to read file '../../../Engine/Content/Editor/Slate/Niagara/Common/DropZoneIndicator_Above.png' error.
[2021.09.26-07.17.44:720][  0]LogSlate: Could not find file for Slate resource: ../../../Engine/Content/Editor/Slate/Niagara/Common/DropZoneIndicator_Above.png
[2021.09.26-07.17.44:720][  0]LogStreaming: Warning: Failed to read file '../../../Engine/Content/Editor/Slate/Niagara/Common/DropZoneIndicator_Onto.png' error.
[2021.09.26-07.17.44:720][  0]LogSlate: Could not find file for Slate resource: ../../../Engine/Content/Editor/Slate/Niagara/Common/DropZoneIndicator_Onto.png
[2021.09.26-07.17.44:720][  0]LogSlate: Could not find file for Slate resource: ../../../Engine/Content/Editor/Slate/Niagara/Common/Selection.png
[2021.09.26-07.17.44:784][  0]LogStreaming: Warning: Failed to read file '../../../Engine/Content/Editor/Slate/Niagara/Common/DropZoneIndicator_Below.png' error.
[2021.09.26-07.17.44:784][  0]LogSlate: Could not find file for Slate resource: ../../../Engine/Content/Editor/Slate/Niagara/Common/DropZoneIndicator_Below.png
[2021.09.26-07.17.44:784][  0]LogStreaming: Warning: Failed to read file '../../../Engine/Content/Editor/Slate/Niagara/Common/RoundedSelection_16x.png' error.
[2021.09.26-07.17.44:784][  0]LogSlate: Could not find file for Slate resource: ../../../Engine/Content/Editor/Slate/Niagara/Common/RoundedSelection_16x.png
[2021.09.26-07.17.44:784][  0]LogStreaming: Warning: Failed to read file '../../../Engine/Content/Editor/Slate/Niagara/Common/FlatButton.png' error.
[2021.09.26-07.17.44:784][  0]LogSlate: Could not find file for Slate resource: ../../../Engine/Content/Editor/Slate/Niagara/Common/FlatButton.png
[2021.09.26-07.17.44:784][  0]LogImageWrapper: Warning: PNG Warning: Duplicate iCCP chunk
[2021.09.26-07.17.44:784][  0]LogImageWrapper: Warning: PNG Warning: Duplicate iCCP chunk
[2021.09.26-07.17.44:784][  0]LogInit: Display: Engine is initialized. Leaving FEngineLoop::Init()
[2021.09.26-07.17.44:791][  0]SourceControl: Source control is disabled
[2021.09.26-07.17.44:791][  0]LogUnrealEdMisc: Loading editor; pre map load, took 8.112
[2021.09.26-07.17.44:792][  0]Cmd: MAP LOAD FILE="../../../Engine/Content/Maps/Templates/Template_Default.umap" TEMPLATE=1 SHOWPROGRESS=1 FEATURELEVEL=3
[2021.09.26-07.17.44:792][  0]LightingResults: New page: Lighting Build
[2021.09.26-07.17.44:794][  0]LogWorld: UWorld::CleanupWorld for Untitled, bSessionEnded=true, bCleanupResources=true
[2021.09.26-07.17.44:794][  0]LogSlate: InvalidateAllWidgets triggered.  All widgets were invalidated
[2021.09.26-07.17.44:794][  0]MapCheck: New page: Map Check
[2021.09.26-07.17.44:794][  0]LightingResults: New page: Lighting Build
[2021.09.26-07.17.44:798][  0]LogAudio: Display: Audio Device unregistered from world 'None'.
[2021.09.26-07.17.44:802][  0]LogUObjectHash: Compacting FUObjectHashTables data took   1.05ms
[2021.09.26-07.17.44:861][  0]LogTexture: Display: Building textures: DeprecatedTextureEB9CBE3C423008B5E8E130901E171C89 (BGRA8, 128X128)
[2021.09.26-07.17.44:868][  0]LogAudio: Display: Audio Device (ID: 1) registered with world 'Untitled_1'.
[2021.09.26-07.17.44:869][  0]LogAIModule: Creating AISystem for world Untitled_1
[2021.09.26-07.17.44:873][  0]LogEditorServer: Finished looking for orphan Actors (0.000 secs)
[2021.09.26-07.17.44:881][  0]LogUObjectHash: Compacting FUObjectHashTables data took   0.99ms
[2021.09.26-07.17.44:881][  0]Cmd: MAP CHECKDEP NOCLEARLOG
[2021.09.26-07.17.44:881][  0]MapCheck: Map check complete: 0 Error(s), 0 Warning(s), took 0.123ms to complete.
[2021.09.26-07.17.44:881][  0]LogFileHelpers: Loading map 'Template_Default' took 0.089
[2021.09.26-07.17.44:883][  0]LogUnrealEdMisc: Total Editor Startup Time, took 8.203
[2021.09.26-07.17.45:014][  0]LogSlate: Updating window title bar state: overlay mode, drag disabled, window buttons hidden, title bar hidden
[2021.09.26-07.17.45:021][  0]LogSlate: Updating window title bar state: overlay mode, drag disabled, window buttons hidden, title bar hidden
[2021.09.26-07.17.45:027][  0]LogSlate: Updating window title bar state: overlay mode, drag disabled, window buttons hidden, title bar hidden
[2021.09.26-07.17.45:034][  0]LogSlate: Updating window title bar state: overlay mode, drag disabled, window buttons hidden, title bar hidden
[2021.09.26-07.17.45:054][  0]LogNativeClassHierarchy: Verbose: Native class hierarchy populated in 0.0115 seconds. Added 3822 classes and 928 folders.
[2021.09.26-07.17.45:074][  0]LogNativeClassHierarchy: Verbose: Native class hierarchy updated for 'WidgetCarousel' in 0.0003 seconds. Added 0 classes and 0 folders.
[2021.09.26-07.17.45:075][  0]LogPakFile: PakFile PrimaryIndexSize=187
[2021.09.26-07.17.45:075][  0]LogPakFile: PakFile PathHashIndexSize=101
[2021.09.26-07.17.45:075][  0]LogPakFile: PakFile FullDirectoryIndexSize=148
[2021.09.26-07.17.45:075][  0]LogShaderLibrary: Display: ShaderCodeLibraryPakFileMountedCallback: PakFile 'H:/Game Dev/Unreal/UE_4.27/FeaturePacks/FP_FirstPerson.upack' (chunk index -1, root 'root:/') mounted
[2021.09.26-07.17.45:075][  0]LogShaderLibrary: Display: ShaderCodeLibraryPakFileMountedCallback: pending pak file info (ChunkID:-1 Root:root:/ File:H:/Game Dev/Unreal/UE_4.27/FeaturePacks/FP_FirstPerson.upack)
[2021.09.26-07.17.45:075][  0]LogPakFile: OnPakFileMounted2Time == 0.000062
[2021.09.26-07.17.45:076][  0]LogPakFile: PakFile PrimaryIndexSize=189
[2021.09.26-07.17.45:076][  0]LogPakFile: PakFile PathHashIndexSize=101
[2021.09.26-07.17.45:076][  0]LogPakFile: PakFile FullDirectoryIndexSize=152
[2021.09.26-07.17.45:076][  0]LogShaderLibrary: Display: ShaderCodeLibraryPakFileMountedCallback: PakFile 'H:/Game Dev/Unreal/UE_4.27/FeaturePacks/FP_FirstPersonBP.upack' (chunk index -1, root 'root:/') mounted
[2021.09.26-07.17.45:076][  0]LogShaderLibrary: Display: ShaderCodeLibraryPakFileMountedCallback: pending pak file info (ChunkID:-1 Root:root:/ File:H:/Game Dev/Unreal/UE_4.27/FeaturePacks/FP_FirstPersonBP.upack)
[2021.09.26-07.17.45:076][  0]LogPakFile: OnPakFileMounted2Time == 0.000042
[2021.09.26-07.17.45:076][  0]LogPakFile: PakFile PrimaryIndexSize=191
[2021.09.26-07.17.45:076][  0]LogPakFile: PakFile PathHashIndexSize=101
[2021.09.26-07.17.45:076][  0]LogPakFile: PakFile FullDirectoryIndexSize=160
[2021.09.26-07.17.45:076][  0]LogShaderLibrary: Display: ShaderCodeLibraryPakFileMountedCallback: PakFile 'H:/Game Dev/Unreal/UE_4.27/FeaturePacks/MobileStarterContent.upack' (chunk index -1, root 'root:/') mounted
[2021.09.26-07.17.45:076][  0]LogShaderLibrary: Display: ShaderCodeLibraryPakFileMountedCallback: pending pak file info (ChunkID:-1 Root:root:/ File:H:/Game Dev/Unreal/UE_4.27/FeaturePacks/MobileStarterContent.upack)
[2021.09.26-07.17.45:076][  0]LogPakFile: OnPakFileMounted2Time == 0.000042
[2021.09.26-07.17.45:077][  0]LogPakFile: PakFile PrimaryIndexSize=185
[2021.09.26-07.17.45:077][  0]LogPakFile: PakFile PathHashIndexSize=101
[2021.09.26-07.17.45:077][  0]LogPakFile: PakFile FullDirectoryIndexSize=148
[2021.09.26-07.17.45:077][  0]LogShaderLibrary: Display: ShaderCodeLibraryPakFileMountedCallback: PakFile 'H:/Game Dev/Unreal/UE_4.27/FeaturePacks/StarterContent.upack' (chunk index -1, root 'root:/') mounted
[2021.09.26-07.17.45:077][  0]LogShaderLibrary: Display: ShaderCodeLibraryPakFileMountedCallback: pending pak file info (ChunkID:-1 Root:root:/ File:H:/Game Dev/Unreal/UE_4.27/FeaturePacks/StarterContent.upack)
[2021.09.26-07.17.45:077][  0]LogPakFile: OnPakFileMounted2Time == 0.000043
[2021.09.26-07.17.45:077][  0]LogPakFile: PakFile PrimaryIndexSize=190
[2021.09.26-07.17.45:077][  0]LogPakFile: PakFile PathHashIndexSize=101
[2021.09.26-07.17.45:077][  0]LogPakFile: PakFile FullDirectoryIndexSize=154
[2021.09.26-07.17.45:077][  0]LogShaderLibrary: Display: ShaderCodeLibraryPakFileMountedCallback: PakFile 'H:/Game Dev/Unreal/UE_4.27/FeaturePacks/TP_2DSideScroller.upack' (chunk index -1, root 'root:/') mounted
[2021.09.26-07.17.45:077][  0]LogShaderLibrary: Display: ShaderCodeLibraryPakFileMountedCallback: pending pak file info (ChunkID:-1 Root:root:/ File:H:/Game Dev/Unreal/UE_4.27/FeaturePacks/TP_2DSideScroller.upack)
[2021.09.26-07.17.45:077][  0]LogPakFile: OnPakFileMounted2Time == 0.000039
[2021.09.26-07.17.45:078][  0]LogPakFile: PakFile PrimaryIndexSize=192
[2021.09.26-07.17.45:078][  0]LogPakFile: PakFile PathHashIndexSize=101
[2021.09.26-07.17.45:078][  0]LogPakFile: PakFile FullDirectoryIndexSize=158
[2021.09.26-07.17.45:078][  0]LogShaderLibrary: Display: ShaderCodeLibraryPakFileMountedCallback: PakFile 'H:/Game Dev/Unreal/UE_4.27/FeaturePacks/TP_2DSideScrollerBP.upack' (chunk index -1, root 'root:/') mounted
[2021.09.26-07.17.45:078][  0]LogShaderLibrary: Display: ShaderCodeLibraryPakFileMountedCallback: pending pak file info (ChunkID:-1 Root:root:/ File:H:/Game Dev/Unreal/UE_4.27/FeaturePacks/TP_2DSideScrollerBP.upack)
[2021.09.26-07.17.45:078][  0]LogPakFile: OnPakFileMounted2Time == 0.000039
[2021.09.26-07.17.45:078][  0]LogPakFile: PakFile PrimaryIndexSize=182
[2021.09.26-07.17.45:078][  0]LogPakFile: PakFile PathHashIndexSize=101
[2021.09.26-07.17.45:078][  0]LogPakFile: PakFile FullDirectoryIndexSize=138
[2021.09.26-07.17.45:078][  0]LogShaderLibrary: Display: ShaderCodeLibraryPakFileMountedCallback: PakFile 'H:/Game Dev/Unreal/UE_4.27/FeaturePacks/TP_Flying.upack' (chunk index -1, root 'root:/') mounted
[2021.09.26-07.17.45:078][  0]LogShaderLibrary: Display: ShaderCodeLibraryPakFileMountedCallback: pending pak file info (ChunkID:-1 Root:root:/ File:H:/Game Dev/Unreal/UE_4.27/FeaturePacks/TP_Flying.upack)
[2021.09.26-07.17.45:078][  0]LogPakFile: OnPakFileMounted2Time == 0.000039
[2021.09.26-07.17.45:079][  0]LogPakFile: PakFile PrimaryIndexSize=184
[2021.09.26-07.17.45:079][  0]LogPakFile: PakFile PathHashIndexSize=101
[2021.09.26-07.17.45:079][  0]LogPakFile: PakFile FullDirectoryIndexSize=142
[2021.09.26-07.17.45:079][  0]LogShaderLibrary: Display: ShaderCodeLibraryPakFileMountedCallback: PakFile 'H:/Game Dev/Unreal/UE_4.27/FeaturePacks/TP_FlyingBP.upack' (chunk index -1, root 'root:/') mounted
[2021.09.26-07.17.45:079][  0]LogShaderLibrary: Display: ShaderCodeLibraryPakFileMountedCallback: pending pak file info (ChunkID:-1 Root:root:/ File:H:/Game Dev/Unreal/UE_4.27/FeaturePacks/TP_FlyingBP.upack)
[2021.09.26-07.17.45:079][  0]LogPakFile: OnPakFileMounted2Time == 0.000039
[2021.09.26-07.17.45:079][  0]LogPakFile: PakFile PrimaryIndexSize=188
[2021.09.26-07.17.45:079][  0]LogPakFile: PakFile PathHashIndexSize=101
[2021.09.26-07.17.45:079][  0]LogPakFile: PakFile FullDirectoryIndexSize=150
[2021.09.26-07.17.45:079][  0]LogShaderLibrary: Display: ShaderCodeLibraryPakFileMountedCallback: PakFile 'H:/Game Dev/Unreal/UE_4.27/FeaturePacks/TP_HandheldARBP.upack' (chunk index -1, root 'root:/') mounted
[2021.09.26-07.17.45:079][  0]LogShaderLibrary: Display: ShaderCodeLibraryPakFileMountedCallback: pending pak file info (ChunkID:-1 Root:root:/ File:H:/Game Dev/Unreal/UE_4.27/FeaturePacks/TP_HandheldARBP.upack)
[2021.09.26-07.17.45:079][  0]LogPakFile: OnPakFileMounted2Time == 0.000040
[2021.09.26-07.17.45:080][  0]LogPakFile: PakFile PrimaryIndexSize=182
[2021.09.26-07.17.45:080][  0]LogPakFile: PakFile PathHashIndexSize=101
[2021.09.26-07.17.45:080][  0]LogPakFile: PakFile FullDirectoryIndexSize=138
[2021.09.26-07.17.45:080][  0]LogShaderLibrary: Display: ShaderCodeLibraryPakFileMountedCallback: PakFile 'H:/Game Dev/Unreal/UE_4.27/FeaturePacks/TP_Puzzle.upack' (chunk index -1, root 'root:/') mounted
[2021.09.26-07.17.45:080][  0]LogShaderLibrary: Display: ShaderCodeLibraryPakFileMountedCallback: pending pak file info (ChunkID:-1 Root:root:/ File:H:/Game Dev/Unreal/UE_4.27/FeaturePacks/TP_Puzzle.upack)
[2021.09.26-07.17.45:080][  0]LogPakFile: OnPakFileMounted2Time == 0.000040
[2021.09.26-07.17.45:080][  0]LogPakFile: PakFile PrimaryIndexSize=184
[2021.09.26-07.17.45:081][  0]LogPakFile: PakFile PathHashIndexSize=101
[2021.09.26-07.17.45:081][  0]LogPakFile: PakFile FullDirectoryIndexSize=142
[2021.09.26-07.17.45:081][  0]LogShaderLibrary: Display: ShaderCodeLibraryPakFileMountedCallback: PakFile 'H:/Game Dev/Unreal/UE_4.27/FeaturePacks/TP_PuzzleBP.upack' (chunk index -1, root 'root:/') mounted
[2021.09.26-07.17.45:081][  0]LogShaderLibrary: Display: ShaderCodeLibraryPakFileMountedCallback: pending pak file info (ChunkID:-1 Root:root:/ File:H:/Game Dev/Unreal/UE_4.27/FeaturePacks/TP_PuzzleBP.upack)
[2021.09.26-07.17.45:081][  0]LogPakFile: OnPakFileMounted2Time == 0.000043
[2021.09.26-07.17.45:081][  0]LogPakFile: PakFile PrimaryIndexSize=183
[2021.09.26-07.17.45:081][  0]LogPakFile: PakFile PathHashIndexSize=101
[2021.09.26-07.17.45:081][  0]LogPakFile: PakFile FullDirectoryIndexSize=140
[2021.09.26-07.17.45:081][  0]LogShaderLibrary: Display: ShaderCodeLibraryPakFileMountedCallback: PakFile 'H:/Game Dev/Unreal/UE_4.27/FeaturePacks/TP_Rolling.upack' (chunk index -1, root 'root:/') mounted
[2021.09.26-07.17.45:081][  0]LogShaderLibrary: Display: ShaderCodeLibraryPakFileMountedCallback: pending pak file info (ChunkID:-1 Root:root:/ File:H:/Game Dev/Unreal/UE_4.27/FeaturePacks/TP_Rolling.upack)
[2021.09.26-07.17.45:081][  0]LogPakFile: OnPakFileMounted2Time == 0.000039
[2021.09.26-07.17.45:081][  0]LogPakFile: PakFile PrimaryIndexSize=185
[2021.09.26-07.17.45:082][  0]LogPakFile: PakFile PathHashIndexSize=101
[2021.09.26-07.17.45:082][  0]LogPakFile: PakFile FullDirectoryIndexSize=144
[2021.09.26-07.17.45:082][  0]LogShaderLibrary: Display: ShaderCodeLibraryPakFileMountedCallback: PakFile 'H:/Game Dev/Unreal/UE_4.27/FeaturePacks/TP_RollingBP.upack' (chunk index -1, root 'root:/') mounted
[2021.09.26-07.17.45:082][  0]LogShaderLibrary: Display: ShaderCodeLibraryPakFileMountedCallback: pending pak file info (ChunkID:-1 Root:root:/ File:H:/Game Dev/Unreal/UE_4.27/FeaturePacks/TP_RollingBP.upack)
[2021.09.26-07.17.45:082][  0]LogPakFile: OnPakFileMounted2Time == 0.000040
[2021.09.26-07.17.45:082][  0]LogPakFile: PakFile PrimaryIndexSize=188
[2021.09.26-07.17.45:082][  0]LogPakFile: PakFile PathHashIndexSize=101
[2021.09.26-07.17.45:082][  0]LogPakFile: PakFile FullDirectoryIndexSize=150
[2021.09.26-07.17.45:082][  0]LogShaderLibrary: Display: ShaderCodeLibraryPakFileMountedCallback: PakFile 'H:/Game Dev/Unreal/UE_4.27/FeaturePacks/TP_SideScroller.upack' (chunk index -1, root 'root:/') mounted
[2021.09.26-07.17.45:082][  0]LogShaderLibrary: Display: ShaderCodeLibraryPakFileMountedCallback: pending pak file info (ChunkID:-1 Root:root:/ File:H:/Game Dev/Unreal/UE_4.27/FeaturePacks/TP_SideScroller.upack)
[2021.09.26-07.17.45:082][  0]LogPakFile: OnPakFileMounted2Time == 0.000039
[2021.09.26-07.17.45:083][  0]LogPakFile: PakFile PrimaryIndexSize=190
[2021.09.26-07.17.45:083][  0]LogPakFile: PakFile PathHashIndexSize=101
[2021.09.26-07.17.45:083][  0]LogPakFile: PakFile FullDirectoryIndexSize=154
[2021.09.26-07.17.45:083][  0]LogShaderLibrary: Display: ShaderCodeLibraryPakFileMountedCallback: PakFile 'H:/Game Dev/Unreal/UE_4.27/FeaturePacks/TP_SideScrollerBP.upack' (chunk index -1, root 'root:/') mounted
[2021.09.26-07.17.45:083][  0]LogShaderLibrary: Display: ShaderCodeLibraryPakFileMountedCallback: pending pak file info (ChunkID:-1 Root:root:/ File:H:/Game Dev/Unreal/UE_4.27/FeaturePacks/TP_SideScrollerBP.upack)
[2021.09.26-07.17.45:083][  0]LogPakFile: OnPakFileMounted2Time == 0.000039
[2021.09.26-07.17.45:083][  0]LogPakFile: PakFile PrimaryIndexSize=187
[2021.09.26-07.17.45:083][  0]LogPakFile: PakFile PathHashIndexSize=101
[2021.09.26-07.17.45:083][  0]LogPakFile: PakFile FullDirectoryIndexSize=148
[2021.09.26-07.17.45:083][  0]LogShaderLibrary: Display: ShaderCodeLibraryPakFileMountedCallback: PakFile 'H:/Game Dev/Unreal/UE_4.27/FeaturePacks/TP_ThirdPerson.upack' (chunk index -1, root 'root:/') mounted
[2021.09.26-07.17.45:083][  0]LogShaderLibrary: Display: ShaderCodeLibraryPakFileMountedCallback: pending pak file info (ChunkID:-1 Root:root:/ File:H:/Game Dev/Unreal/UE_4.27/FeaturePacks/TP_ThirdPerson.upack)
[2021.09.26-07.17.45:083][  0]LogPakFile: OnPakFileMounted2Time == 0.000039
[2021.09.26-07.17.45:084][  0]LogPakFile: PakFile PrimaryIndexSize=189
[2021.09.26-07.17.45:084][  0]LogPakFile: PakFile PathHashIndexSize=101
[2021.09.26-07.17.45:084][  0]LogPakFile: PakFile FullDirectoryIndexSize=152
[2021.09.26-07.17.45:084][  0]LogShaderLibrary: Display: ShaderCodeLibraryPakFileMountedCallback: PakFile 'H:/Game Dev/Unreal/UE_4.27/FeaturePacks/TP_ThirdPersonBP.upack' (chunk index -1, root 'root:/') mounted
[2021.09.26-07.17.45:084][  0]LogShaderLibrary: Display: ShaderCodeLibraryPakFileMountedCallback: pending pak file info (ChunkID:-1 Root:root:/ File:H:/Game Dev/Unreal/UE_4.27/FeaturePacks/TP_ThirdPersonBP.upack)
[2021.09.26-07.17.45:084][  0]LogPakFile: OnPakFileMounted2Time == 0.000039
[2021.09.26-07.17.45:084][  0]LogPakFile: PakFile PrimaryIndexSize=183
[2021.09.26-07.17.45:084][  0]LogPakFile: PakFile PathHashIndexSize=101
[2021.09.26-07.17.45:084][  0]LogPakFile: PakFile FullDirectoryIndexSize=140
[2021.09.26-07.17.45:084][  0]LogShaderLibrary: Display: ShaderCodeLibraryPakFileMountedCallback: PakFile 'H:/Game Dev/Unreal/UE_4.27/FeaturePacks/TP_TopDown.upack' (chunk index -1, root 'root:/') mounted
[2021.09.26-07.17.45:084][  0]LogShaderLibrary: Display: ShaderCodeLibraryPakFileMountedCallback: pending pak file info (ChunkID:-1 Root:root:/ File:H:/Game Dev/Unreal/UE_4.27/FeaturePacks/TP_TopDown.upack)
[2021.09.26-07.17.45:084][  0]LogPakFile: OnPakFileMounted2Time == 0.000046
[2021.09.26-07.17.45:085][  0]LogPakFile: PakFile PrimaryIndexSize=185
[2021.09.26-07.17.45:085][  0]LogPakFile: PakFile PathHashIndexSize=101
[2021.09.26-07.17.45:085][  0]LogPakFile: PakFile FullDirectoryIndexSize=144
[2021.09.26-07.17.45:085][  0]LogShaderLibrary: Display: ShaderCodeLibraryPakFileMountedCallback: PakFile 'H:/Game Dev/Unreal/UE_4.27/FeaturePacks/TP_TopDownBP.upack' (chunk index -1, root 'root:/') mounted
[2021.09.26-07.17.45:085][  0]LogShaderLibrary: Display: ShaderCodeLibraryPakFileMountedCallback: pending pak file info (ChunkID:-1 Root:root:/ File:H:/Game Dev/Unreal/UE_4.27/FeaturePacks/TP_TopDownBP.upack)
[2021.09.26-07.17.45:085][  0]LogPakFile: OnPakFileMounted2Time == 0.000041
[2021.09.26-07.17.45:085][  0]LogPakFile: PakFile PrimaryIndexSize=185
[2021.09.26-07.17.45:085][  0]LogPakFile: PakFile PathHashIndexSize=101
[2021.09.26-07.17.45:085][  0]LogPakFile: PakFile FullDirectoryIndexSize=144
[2021.09.26-07.17.45:085][  0]LogShaderLibrary: Display: ShaderCodeLibraryPakFileMountedCallback: PakFile 'H:/Game Dev/Unreal/UE_4.27/FeaturePacks/TP_TwinStick.upack' (chunk index -1, root 'root:/') mounted
[2021.09.26-07.17.45:085][  0]LogShaderLibrary: Display: ShaderCodeLibraryPakFileMountedCallback: pending pak file info (ChunkID:-1 Root:root:/ File:H:/Game Dev/Unreal/UE_4.27/FeaturePacks/TP_TwinStick.upack)
[2021.09.26-07.17.45:085][  0]LogPakFile: OnPakFileMounted2Time == 0.000039
[2021.09.26-07.17.45:086][  0]LogPakFile: PakFile PrimaryIndexSize=187
[2021.09.26-07.17.45:086][  0]LogPakFile: PakFile PathHashIndexSize=101
[2021.09.26-07.17.45:086][  0]LogPakFile: PakFile FullDirectoryIndexSize=148
[2021.09.26-07.17.45:086][  0]LogShaderLibrary: Display: ShaderCodeLibraryPakFileMountedCallback: PakFile 'H:/Game Dev/Unreal/UE_4.27/FeaturePacks/TP_TwinStickBP.upack' (chunk index -1, root 'root:/') mounted
[2021.09.26-07.17.45:086][  0]LogShaderLibrary: Display: ShaderCodeLibraryPakFileMountedCallback: pending pak file info (ChunkID:-1 Root:root:/ File:H:/Game Dev/Unreal/UE_4.27/FeaturePacks/TP_TwinStickBP.upack)
[2021.09.26-07.17.45:086][  0]LogPakFile: OnPakFileMounted2Time == 0.000039
[2021.09.26-07.17.45:086][  0]LogPakFile: PakFile PrimaryIndexSize=183
[2021.09.26-07.17.45:086][  0]LogPakFile: PakFile PathHashIndexSize=101
[2021.09.26-07.17.45:086][  0]LogPakFile: PakFile FullDirectoryIndexSize=140
[2021.09.26-07.17.45:086][  0]LogShaderLibrary: Display: ShaderCodeLibraryPakFileMountedCallback: PakFile 'H:/Game Dev/Unreal/UE_4.27/FeaturePacks/TP_Vehicle.upack' (chunk index -1, root 'root:/') mounted
[2021.09.26-07.17.45:086][  0]LogShaderLibrary: Display: ShaderCodeLibraryPakFileMountedCallback: pending pak file info (ChunkID:-1 Root:root:/ File:H:/Game Dev/Unreal/UE_4.27/FeaturePacks/TP_Vehicle.upack)
[2021.09.26-07.17.45:086][  0]LogPakFile: OnPakFileMounted2Time == 0.000038
[2021.09.26-07.17.45:087][  0]LogPakFile: PakFile PrimaryIndexSize=186
[2021.09.26-07.17.45:087][  0]LogPakFile: PakFile PathHashIndexSize=101
[2021.09.26-07.17.45:087][  0]LogPakFile: PakFile FullDirectoryIndexSize=146
[2021.09.26-07.17.45:087][  0]LogShaderLibrary: Display: ShaderCodeLibraryPakFileMountedCallback: PakFile 'H:/Game Dev/Unreal/UE_4.27/FeaturePacks/TP_VehicleAdv.upack' (chunk index -1, root 'root:/') mounted
[2021.09.26-07.17.45:087][  0]LogShaderLibrary: Display: ShaderCodeLibraryPakFileMountedCallback: pending pak file info (ChunkID:-1 Root:root:/ File:H:/Game Dev/Unreal/UE_4.27/FeaturePacks/TP_VehicleAdv.upack)
[2021.09.26-07.17.45:087][  0]LogPakFile: OnPakFileMounted2Time == 0.000039
[2021.09.26-07.17.45:087][  0]LogPakFile: PakFile PrimaryIndexSize=188
[2021.09.26-07.17.45:087][  0]LogPakFile: PakFile PathHashIndexSize=101
[2021.09.26-07.17.45:087][  0]LogPakFile: PakFile FullDirectoryIndexSize=150
[2021.09.26-07.17.45:087][  0]LogShaderLibrary: Display: ShaderCodeLibraryPakFileMountedCallback: PakFile 'H:/Game Dev/Unreal/UE_4.27/FeaturePacks/TP_VehicleAdvBP.upack' (chunk index -1, root 'root:/') mounted
[2021.09.26-07.17.45:087][  0]LogShaderLibrary: Display: ShaderCodeLibraryPakFileMountedCallback: pending pak file info (ChunkID:-1 Root:root:/ File:H:/Game Dev/Unreal/UE_4.27/FeaturePacks/TP_VehicleAdvBP.upack)
[2021.09.26-07.17.45:087][  0]LogPakFile: OnPakFileMounted2Time == 0.000042
[2021.09.26-07.17.45:088][  0]LogPakFile: PakFile PrimaryIndexSize=185
[2021.09.26-07.17.45:088][  0]LogPakFile: PakFile PathHashIndexSize=101
[2021.09.26-07.17.45:088][  0]LogPakFile: PakFile FullDirectoryIndexSize=144
[2021.09.26-07.17.45:088][  0]LogShaderLibrary: Display: ShaderCodeLibraryPakFileMountedCallback: PakFile 'H:/Game Dev/Unreal/UE_4.27/FeaturePacks/TP_VehicleBP.upack' (chunk index -1, root 'root:/') mounted
[2021.09.26-07.17.45:088][  0]LogShaderLibrary: Display: ShaderCodeLibraryPakFileMountedCallback: pending pak file info (ChunkID:-1 Root:root:/ File:H:/Game Dev/Unreal/UE_4.27/FeaturePacks/TP_VehicleBP.upack)
[2021.09.26-07.17.45:088][  0]LogPakFile: OnPakFileMounted2Time == 0.000039
[2021.09.26-07.17.45:088][  0]LogPakFile: PakFile PrimaryIndexSize=192
[2021.09.26-07.17.45:088][  0]LogPakFile: PakFile PathHashIndexSize=101
[2021.09.26-07.17.45:088][  0]LogPakFile: PakFile FullDirectoryIndexSize=158
[2021.09.26-07.17.45:088][  0]LogShaderLibrary: Display: ShaderCodeLibraryPakFileMountedCallback: PakFile 'H:/Game Dev/Unreal/UE_4.27/FeaturePacks/TP_VirtualRealityBP.upack' (chunk index -1, root 'root:/') mounted
[2021.09.26-07.17.45:089][  0]LogShaderLibrary: Display: ShaderCodeLibraryPakFileMountedCallback: pending pak file info (ChunkID:-1 Root:root:/ File:H:/Game Dev/Unreal/UE_4.27/FeaturePacks/TP_VirtualRealityBP.upack)
[2021.09.26-07.17.45:089][  0]LogPakFile: OnPakFileMounted2Time == 0.000044
[2021.09.26-07.17.45:133][  0]LogNativeClassHierarchy: Verbose: Native class hierarchy updated for 'AddContentDialog' in 0.0003 seconds. Added 0 classes and 0 folders.
[2021.09.26-07.17.45:154][  0]LogNativeClassHierarchy: Verbose: Native class hierarchy updated for 'SceneOutliner' in 0.0003 seconds. Added 2 classes and 0 folders.
[2021.09.26-07.17.45:246][  0]LogSlate: Took 0.000184 seconds to synchronously load lazily loaded font '../../../Engine/Content/Slate/Fonts/Roboto-Regular.ttf' (155K)
[2021.09.26-07.17.45:248][  0]LogSlate: Took 0.000748 seconds to synchronously load lazily loaded font '../../../Engine/Content/Editor/Slate/Fonts/FontAwesome.ttf' (139K)
[2021.09.26-07.17.45:249][  0]LogSlate: Took 0.000190 seconds to synchronously load lazily loaded font '../../../Engine/Content/Slate/Fonts/Roboto-Bold.ttf' (160K)
[2021.09.26-07.17.45:368][  0]LogRenderer: Reallocating scene render targets to support 1740x836 Format 10 NumSamples 1 (Frame:1).
[2021.09.26-07.17.45:507][  0]LogNativeClassHierarchy: Verbose: Native class hierarchy updated for 'HierarchicalLODOutliner' in 0.0004 seconds. Added 0 classes and 0 folders.
[2021.09.26-07.17.45:507][  0]LogLoad: (Engine Initialization) Total time: 8.83 seconds
[2021.09.26-07.17.45:507][  0]LogLoad: (Engine Initialization) Total Blueprint compile time: 0.00 seconds
[2021.09.26-07.17.45:575][  0]LogAssetRegistry: Asset discovery search completed in 5.2294 seconds
[2021.09.26-07.17.45:585][  0]LogCollectionManager: Fixed up redirectors for 0 collections in 0.000004 seconds (updated 0 objects)
[2021.09.26-07.17.45:587][  0]LogContentStreaming: Texture pool size now 1000 MB
